\BOOKMARK [1][-]{section.1}{\376\377\000W\000h\000a\000t\000\040\000i\000s\000\040\000a\000\040\000P\000s\000e\000u\000d\000o\000r\000a\000n\000d\000o\000m\000\040\000N\000u\000m\000b\000e\000r\000\040\000G\000e\000n\000e\000r\000a\000t\000o\000r\000?}{}% 1
\BOOKMARK [2][-]{subsection.1.1}{\376\377\000F\000o\000r\000m\000a\000l\000\040\000D\000e\000f\000i\000n\000i\000t\000i\000o\000n}{section.1}% 2
\BOOKMARK [2][-]{subsection.1.2}{\376\377\000S\000e\000e\000d\000\040\000\050\000I\000n\000i\000t\000i\000a\000l\000\040\000V\000a\000l\000u\000e\000\051}{section.1}% 3
\BOOKMARK [2][-]{subsection.1.3}{\376\377\000S\000t\000a\000t\000e\000\040\000S\000p\000a\000c\000e\000\040\000a\000n\000d\000\040\000P\000e\000r\000i\000o\000d\000i\000c\000i\000t\000y}{section.1}% 4
\BOOKMARK [2][-]{subsection.1.4}{\376\377\000U\000n\000i\000f\000o\000r\000m\000i\000t\000y\000\040\000a\000n\000d\000\040\000E\000q\000u\000i\000d\000i\000s\000t\000r\000i\000b\000u\000t\000i\000o\000n}{section.1}% 5
\BOOKMARK [2][-]{subsection.1.5}{\376\377\000C\000o\000m\000p\000u\000t\000a\000t\000i\000o\000n\000a\000l\000\040\000R\000a\000n\000d\000o\000m\000n\000e\000s\000s}{section.1}% 6
\BOOKMARK [2][-]{subsection.1.6}{\376\377\000M\000o\000t\000i\000v\000a\000t\000i\000o\000n\000\040\000f\000o\000r\000\040\000I\000m\000p\000l\000e\000m\000e\000n\000t\000a\000t\000i\000o\000n}{section.1}% 7
\BOOKMARK [2][-]{subsection.1.7}{\376\377\000G\000e\000n\000e\000r\000a\000l\000\040\000G\000e\000n\000e\000r\000a\000t\000o\000r\000\040\000I\000n\000t\000e\000r\000f\000a\000c\000e}{section.1}% 8
\BOOKMARK [1][-]{section.2}{\376\377\000C\000l\000a\000s\000s\000i\000c\000a\000l\000\040\000M\000e\000t\000h\000o\000d\000s\000\040\000o\000f\000\040\000P\000s\000e\000u\000d\000o\000r\000a\000n\000d\000o\000m\000\040\000N\000u\000m\000b\000e\000r\000\040\000G\000e\000n\000e\000r\000a\000t\000i\000o\000n}{}% 9
\BOOKMARK [2][-]{subsection.2.1}{\376\377\000L\000i\000n\000e\000a\000r\000\040\000C\000o\000n\000g\000r\000u\000e\000n\000t\000i\000a\000l\000\040\000G\000e\000n\000e\000r\000a\000t\000o\000r\000\040\000\050\000L\000C\000G\000\051}{section.2}% 10
\BOOKMARK [3][-]{subsubsection.2.1.1}{\376\377\000P\000e\000r\000i\000o\000d\000\040\000o\000f\000\040\000L\000C\000G}{subsection.2.1}% 11
\BOOKMARK [3][-]{subsubsection.2.1.2}{\376\377\000P\000r\000o\000p\000e\000r\000t\000i\000e\000s\000\040\000a\000n\000d\000\040\000L\000i\000m\000i\000t\000a\000t\000i\000o\000n\000s}{subsection.2.1}% 12
\BOOKMARK [3][-]{subsubsection.2.1.3}{\376\377\000E\000x\000a\000m\000p\000l\000e\000\040\000o\000f\000\040\000L\000C\000G}{subsection.2.1}% 13
\BOOKMARK [3][-]{subsubsection.2.1.4}{\376\377\000C\000+\000+\000\040\000I\000m\000p\000l\000e\000m\000e\000n\000t\000a\000t\000i\000o\000n}{subsection.2.1}% 14
\BOOKMARK [3][-]{subsubsection.2.1.5}{\376\377\000E\000x\000p\000e\000r\000i\000m\000e\000n\000t\000a\000l\000\040\000C\000o\000m\000p\000a\000r\000i\000s\000o\000n}{subsection.2.1}% 15
\BOOKMARK [2][-]{subsection.2.2}{\376\377\000L\000e\000h\000m\000e\000r\000\040\000G\000e\000n\000e\000r\000a\000t\000o\000r}{section.2}% 16
\BOOKMARK [3][-]{subsubsection.2.2.1}{\376\377\000P\000e\000r\000i\000o\000d}{subsection.2.2}% 17
\BOOKMARK [3][-]{subsubsection.2.2.2}{\376\377\000P\000r\000o\000p\000e\000r\000t\000i\000e\000s}{subsection.2.2}% 18
\BOOKMARK [3][-]{subsubsection.2.2.3}{\376\377\000C\000+\000+\000\040\000I\000m\000p\000l\000e\000m\000e\000n\000t\000a\000t\000i\000o\000n}{subsection.2.2}% 19
\BOOKMARK [3][-]{subsubsection.2.2.4}{\376\377\000E\000x\000p\000e\000r\000i\000m\000e\000n\000t\000a\000l\000\040\000C\000o\000m\000p\000a\000r\000i\000s\000o\000n}{subsection.2.2}% 20
\BOOKMARK [2][-]{subsection.2.3}{\376\377\000C\000o\000m\000b\000i\000n\000e\000d\000\040\000G\000e\000n\000e\000r\000a\000t\000o\000r\000s}{section.2}% 21
\BOOKMARK [3][-]{subsubsection.2.3.1}{\376\377\000P\000e\000r\000i\000o\000d}{subsection.2.3}% 22
\BOOKMARK [3][-]{subsubsection.2.3.2}{\376\377\000A\000d\000v\000a\000n\000t\000a\000g\000e\000s}{subsection.2.3}% 23
\BOOKMARK [2][-]{subsection.2.4}{\376\377\000S\000u\000m\000m\000a\000r\000y}{section.2}% 24
\BOOKMARK [1][-]{section.3}{\376\377\000R\000e\000c\000u\000r\000s\000i\000v\000e\000\040\000G\000e\000n\000e\000r\000a\000t\000o\000r\000s\000:\000\040\000L\000F\000S\000R\000\040\000a\000n\000d\000\040\000L\000F\000G}{}% 25
\BOOKMARK [2][-]{subsection.3.1}{\376\377\000L\000i\000n\000e\000a\000r\000\040\000F\000e\000e\000d\000b\000a\000c\000k\000\040\000S\000h\000i\000f\000t\000\040\000R\000e\000g\000i\000s\000t\000e\000r\000\040\000\050\000L\000F\000S\000R\000\051}{section.3}% 26
\BOOKMARK [2][-]{subsection.3.2}{\376\377\000T\000h\000e\000\040\000M\000a\000t\000h\000e\000m\000a\000t\000i\000c\000s\000\040\000o\000f\000\040\000L\000F\000S\000R}{section.3}% 27
\BOOKMARK [3][-]{subsubsection.3.2.1}{\376\377\000T\000h\000e\000\040\000R\000e\000c\000u\000r\000r\000e\000n\000c\000e\000\040\000R\000e\000l\000a\000t\000i\000o\000n}{subsection.3.2}% 28
\BOOKMARK [3][-]{subsubsection.3.2.2}{\376\377\000P\000o\000l\000y\000n\000o\000m\000i\000a\000l\000\040\000R\000e\000p\000r\000e\000s\000e\000n\000t\000a\000t\000i\000o\000n\000\040\000a\000n\000d\000\040\000S\000t\000a\000t\000e\000\040\000S\000h\000i\000f\000t\000s}{subsection.3.2}% 29
\BOOKMARK [3][-]{subsubsection.3.2.3}{\376\377\000A\000l\000g\000e\000b\000r\000a\000i\000c\000\040\000S\000t\000r\000u\000c\000t\000u\000r\000e\000\040\000a\000n\000d\000\040\000F\000i\000n\000i\000t\000e\000\040\000F\000i\000e\000l\000d\000s}{subsection.3.2}% 30
\BOOKMARK [3][-]{subsubsection.3.2.4}{\376\377\000T\000h\000e\000\040\000R\000o\000l\000e\000\040\000o\000f\000\040\000t\000h\000e\000\040\000L\000e\000a\000s\000t\000\040\000C\000o\000m\000m\000o\000n\000\040\000M\000u\000l\000t\000i\000p\000l\000e\000\040\000\050\000L\000C\000M\000\051}{subsection.3.2}% 31
\BOOKMARK [3][-]{subsubsection.3.2.5}{\376\377\000P\000e\000r\000i\000o\000d\000i\000c\000i\000t\000y\000\040\000a\000n\000d\000\040\000M\000i\000n\000i\000m\000a\000l\000\040\000P\000o\000l\000y\000n\000o\000m\000i\000a\000l\000s}{subsection.3.2}% 32
\BOOKMARK [2][-]{subsection.3.3}{\376\377\000E\000x\000a\000m\000p\000l\000e\000:\000\040\0004\000-\000B\000i\000t\000\040\000L\000F\000S\000R}{section.3}% 33
\BOOKMARK [2][-]{subsection.3.4}{\376\377\000L\000F\000S\000R\000\040\000C\000+\000+\000\040\000I\000m\000p\000l\000e\000m\000e\000n\000t\000a\000t\000i\000o\000n}{section.3}% 34
\BOOKMARK [2][-]{subsection.3.5}{\376\377\000L\000F\000S\000R\000\040\000E\000x\000p\000e\000r\000i\000m\000e\000n\000t\000a\000l\000\040\000C\000o\000m\000p\000a\000r\000i\000s\000o\000n}{section.3}% 35
\BOOKMARK [2][-]{subsection.3.6}{\376\377\000L\000a\000g\000g\000e\000d\000\040\000F\000i\000b\000o\000n\000a\000c\000c\000i\000\040\000G\000e\000n\000e\000r\000a\000t\000o\000r\000\040\000\050\000L\000F\000G\000\051}{section.3}% 36
\BOOKMARK [2][-]{subsection.3.7}{\376\377\000L\000F\000G\000\040\000C\000+\000+\000\040\000I\000m\000p\000l\000e\000m\000e\000n\000t\000a\000t\000i\000o\000n}{section.3}% 37
\BOOKMARK [2][-]{subsection.3.8}{\376\377\000L\000F\000G\000\040\000E\000x\000p\000e\000r\000i\000m\000e\000n\000t\000a\000l\000\040\000C\000o\000m\000p\000a\000r\000i\000s\000o\000n}{section.3}% 38
\BOOKMARK [1][-]{section.4}{\376\377\000T\000h\000e\000\040\000M\000e\000r\000s\000e\000n\000n\000e\000\040\000T\000w\000i\000s\000t\000e\000r\000:\000\040\000H\000i\000g\000h\000-\000D\000i\000m\000e\000n\000s\000i\000o\000n\000a\000l\000\040\000E\000q\000u\000i\000d\000i\000s\000t\000r\000i\000b\000u\000t\000i\000o\000n}{}% 39
\BOOKMARK [2][-]{subsection.4.1}{\376\377\000T\000h\000e\000\040\000T\000w\000i\000s\000t\000e\000d\000\040\000G\000e\000n\000e\000r\000a\000l\000i\000z\000e\000d\000\040\000F\000e\000e\000d\000b\000a\000c\000k\000\040\000S\000h\000i\000f\000t\000\040\000R\000e\000g\000i\000s\000t\000e\000r\000\040\000\050\000T\000G\000F\000S\000R\000\051}{section.4}% 40
\BOOKMARK [2][-]{subsection.4.2}{\376\377\000T\000h\000e\000\040\000T\000w\000i\000s\000t}{section.4}% 41
\BOOKMARK [2][-]{subsection.4.3}{\376\377\000T\000e\000m\000p\000e\000r\000i\000n\000g\000:\000\040\000G\000u\000a\000r\000a\000n\000t\000e\000e\000i\000n\000g\000\040\000E\000q\000u\000i\000d\000i\000s\000t\000r\000i\000b\000u\000t\000i\000o\000n}{section.4}% 42
\BOOKMARK [2][-]{subsection.4.4}{\376\377\000P\000e\000r\000i\000o\000d\000i\000c\000i\000t\000y\000\040\000a\000n\000d\000\040\000M\000e\000r\000s\000e\000n\000n\000e\000\040\000P\000r\000i\000m\000e\000s}{section.4}% 43
\BOOKMARK [2][-]{subsection.4.5}{\376\377\000V\000a\000r\000i\000a\000n\000t\000s\000\040\000o\000f\000\040\000t\000h\000e\000\040\000M\000e\000r\000s\000e\000n\000n\000e\000\040\000T\000w\000i\000s\000t\000e\000r}{section.4}% 44
\BOOKMARK [3][-]{subsubsection.4.5.1}{\376\377\000T\000h\000e\000\040\000M\000T\0001\0009\0009\0003\0007\000\040\000V\000a\000r\000i\000a\000n\000t}{subsection.4.5}% 45
\BOOKMARK [3][-]{subsubsection.4.5.2}{\376\377\000O\000t\000h\000e\000r\000\040\000v\000a\000r\000i\000a\000n\000t\000s\000\040\000o\000f\000\040\000t\000h\000e\000\040\000M\000T}{subsection.4.5}% 46
\BOOKMARK [2][-]{subsection.4.6}{\376\377\000C\000+\000+\000\040\000I\000m\000p\000l\000e\000m\000e\000n\000t\000a\000t\000i\000o\000n}{section.4}% 47
\BOOKMARK [2][-]{subsection.4.7}{\376\377\000E\000x\000p\000e\000r\000i\000m\000e\000n\000t\000a\000l\000\040\000C\000o\000m\000p\000a\000r\000i\000s\000o\000n}{section.4}% 48
\BOOKMARK [2][-]{subsection.4.8}{\376\377\000P\000l\000o\000t\000s\000\040\000a\000n\000d\000\040\000I\000n\000t\000e\000r\000p\000r\000e\000t\000a\000t\000i\000o\000n}{section.4}% 49
\BOOKMARK [1][-]{section.5}{\376\377\000M\000o\000d\000e\000r\000n\000\040\000P\000s\000e\000u\000d\000o\000r\000a\000n\000d\000o\000m\000\040\000N\000u\000m\000b\000e\000r\000\040\000G\000e\000n\000e\000r\000a\000t\000o\000r\000s}{}% 50
\BOOKMARK [2][-]{subsection.5.1}{\376\377\000T\000h\000e\000\040\000X\000o\000r\000s\000h\000i\000f\000t}{section.5}% 51
\BOOKMARK [3][-]{subsubsection.5.1.1}{\376\377\000T\000h\000e\000\040\000R\000e\000c\000u\000r\000r\000e\000n\000c\000e\000\040\000R\000e\000l\000a\000t\000i\000o\000n}{subsection.5.1}% 52
\BOOKMARK [3][-]{subsubsection.5.1.2}{\376\377\000M\000a\000t\000r\000i\000x\000\040\000R\000e\000p\000r\000e\000s\000e\000n\000t\000a\000t\000i\000o\000n\000\040\000a\000n\000d\000\040\000P\000e\000r\000i\000o\000d\000i\000c\000i\000t\000y}{subsection.5.1}% 53
\BOOKMARK [3][-]{subsubsection.5.1.3}{\376\377\000V\000a\000r\000i\000a\000n\000t\000s\000\040\000o\000f\000\040\000t\000h\000e\000\040\000X\000o\000r\000s\000h\000i\000f\000t}{subsection.5.1}% 54
\BOOKMARK [3][-]{subsubsection.5.1.4}{\376\377\000C\000+\000+\000\040\000I\000m\000p\000l\000e\000m\000e\000n\000t\000a\000t\000i\000o\000n\000\040\000o\000f\000\040\000X\000o\000r\000s\000h\000i\000f\000t}{subsection.5.1}% 55
\BOOKMARK [3][-]{subsubsection.5.1.5}{\376\377\000E\000x\000p\000e\000r\000i\000m\000e\000n\000t\000a\000l\000\040\000C\000o\000m\000p\000a\000r\000i\000s\000o\000n\000\040\000o\000f\000\040\000X\000o\000r\000s\000h\000i\000f\000t}{subsection.5.1}% 56
\BOOKMARK [2][-]{subsection.5.2}{\376\377\000T\000h\000e\000\040\000P\000C\000G}{section.5}% 57
\BOOKMARK [3][-]{subsubsection.5.2.1}{\376\377\000R\000e\000p\000r\000e\000s\000e\000n\000t\000a\000t\000i\000o\000n\000\040\000a\000n\000d\000\040\000P\000e\000r\000i\000o\000d\000i\000c\000i\000t\000y}{subsection.5.2}% 58
\BOOKMARK [3][-]{subsubsection.5.2.2}{\376\377\000P\000o\000p\000u\000l\000a\000r\000\040\000v\000a\000r\000i\000a\000n\000t\000s\000\040\000o\000f\000\040\000t\000h\000e\000\040\000P\000C\000G\000\040\000F\000r\000a\000m\000e\000w\000o\000r\000k}{subsection.5.2}% 59
\BOOKMARK [3][-]{subsubsection.5.2.3}{\376\377\000C\000+\000+\000\040\000I\000m\000p\000l\000e\000m\000e\000n\000t\000a\000t\000i\000o\000n\000\040\000o\000f\000\040\000P\000C\000G}{subsection.5.2}% 60
\BOOKMARK [3][-]{subsubsection.5.2.4}{\376\377\000E\000x\000p\000e\000r\000i\000m\000e\000n\000t\000a\000l\000\040\000C\000o\000m\000p\000a\000r\000i\000s\000o\000n\000\040\000o\000f\000\040\000P\000C\000G}{subsection.5.2}% 61
\BOOKMARK [1][-]{section.6}{\376\377\000C\000o\000n\000c\000l\000u\000s\000i\000o\000n\000\040\000a\000n\000d\000\040\000C\000o\000m\000p\000a\000r\000i\000s\000o\000n\000\040\000o\000f\000\040\000P\000R\000N\000G\000\040\000M\000e\000t\000h\000o\000d\000s}{}% 62
\BOOKMARK [2][-]{subsection.6.1}{\376\377\000G\000e\000n\000e\000r\000a\000l\000\040\000C\000o\000m\000p\000a\000r\000i\000s\000o\000n\000\040\000C\000r\000i\000t\000e\000r\000i\000a}{section.6}% 63
\BOOKMARK [2][-]{subsection.6.2}{\376\377\000C\000l\000a\000s\000s\000i\000c\000a\000l\000\040\000G\000e\000n\000e\000r\000a\000t\000o\000r\000s}{section.6}% 64
\BOOKMARK [2][-]{subsection.6.3}{\376\377\000R\000e\000c\000u\000r\000s\000i\000v\000e\000\040\000a\000n\000d\000\040\000S\000h\000i\000f\000t\000-\000B\000a\000s\000e\000d\000\040\000G\000e\000n\000e\000r\000a\000t\000o\000r\000s}{section.6}% 65
\BOOKMARK [2][-]{subsection.6.4}{\376\377\000M\000o\000d\000e\000r\000n\000\040\000H\000i\000g\000h\000-\000Q\000u\000a\000l\000i\000t\000y\000\040\000G\000e\000n\000e\000r\000a\000t\000o\000r\000s}{section.6}% 66
\BOOKMARK [2][-]{subsection.6.5}{\376\377\000T\000r\000a\000d\000e\000-\000o\000f\000f\000s\000\040\000B\000e\000t\000w\000e\000e\000n\000\040\000M\000e\000t\000h\000o\000d\000s}{section.6}% 67
\BOOKMARK [2][-]{subsection.6.6}{\376\377\000F\000i\000n\000a\000l\000\040\000R\000e\000m\000a\000r\000k\000s}{section.6}% 68
