This is pdfTeX, Version 3.141592653-2.6-1.40.29 (MiKTeX 26.5) (preloaded format=pdflatex 2026.5.28)  14 JUN 2026 05:20
entering extended mode
 restricted \write18 enabled.
 file:line:error style messages enabled.
 %&-line parsing enabled.
**c:/Users/Azatal/Desktop/zpsFinal/main.tex
(c:/Users/Azatal/Desktop/zpsFinal/main.tex
LaTeX2e <2025-11-01>
L3 programming layer <2026-04-28>
(preamble.tex (C:\Users\Azatal\AppData\Local\Programs\MiKTeX\tex/latex/base\article.cls
Document Class: article 2025/01/22 v1.4n Standard LaTeX document class
(C:\Users\Azatal\AppData\Local\Programs\MiKTeX\tex/latex/base\size12.clo
File: size12.clo 2025/01/22 v1.4n Standard LaTeX file (size option)
)
\c@part=\count276
\c@section=\count277
\c@subsection=\count278
\c@subsubsection=\count279
\c@paragraph=\count280
\c@subparagraph=\count281
\c@figure=\count282
\c@table=\count283
\abovecaptionskip=\skip49
\belowcaptionskip=\skip50
\bibindent=\dimen150
) (C:\Users\Azatal\AppData\Local\Programs\MiKTeX\tex/latex/base\fontenc.sty
Package: fontenc 2025/07/18 v2.1d Standard LaTeX package
) (C:\Users\Azatal\AppData\Local\Programs\MiKTeX\tex/latex/base\inputenc.sty
Package: inputenc 2024/02/08 v1.3d Input encoding file
\inpenc@prehook=\toks17
\inpenc@posthook=\toks18
) (C:\Users\Azatal\AppData\Local\Programs\MiKTeX\tex/generic/babel\babel.sty
Package: babel 2026/05/20 v26.8 The multilingual framework for LuaLaTeX, pdfLaTeX and XeLaTeX
\babel@savecnt=\count284
LaTeX Encoding Info:    Redeclaring text command \ij (encoding OT1) on input line 2084.
LaTeX Encoding Info:    Redeclaring text command \IJ (encoding OT1) on input line 2086.
LaTeX Encoding Info:    Redeclaring text command \ij (encoding T1) on input line 2088.
LaTeX Encoding Info:    Redeclaring text command \IJ (encoding T1) on input line 2089.
LaTeX Encoding Info:    Ignoring declaration for text command \ij (encoding ?) on input line 2090.
LaTeX Encoding Info:    Ignoring declaration for text command \IJ (encoding ?) on input line 2092.
LaTeX Encoding Info:    Ignoring declaration for text command \SS (encoding ?) on input line 2117.
\U@D=\dimen151
\l@unhyphenated=\language79
 (C:\Users\Azatal\AppData\Local\Programs\MiKTeX\tex/generic/babel\txtbabel.def)
\bbl@readstream=\read2
\bbl@dirlevel=\count285
Package babel Info: Configuration files are deprecated, as
(babel)             they can break document portability.
(babel)             Reported on input line 4228.

*************************************
* Local config file bblopts.cfg used
*
(C:\Users\Azatal\AppData\Local\Programs\MiKTeX\tex/latex/arabi\bblopts.cfg
File: bblopts.cfg 2005/09/08 v0.1 add Arabic and Farsi to "declared" options of babel
) (C:\Users\Azatal\AppData\Local\Programs\MiKTeX\tex/generic/babel/locale/en\babel-english.tex) (C:\Users\Azatal\AppData\Local\Programs\MiKTeX\tex/generic/babel/locale/pl\babel-polish.tex)
Package babel Info: Importing font and identification data for english
(babel)             from babel-en.ini. Reported on input line 4356.
 (C:\Users\Azatal\AppData\Local\Programs\MiKTeX\tex/latex/babel-english\english.ldf
Language: english 2017/06/06 v3.3r English support from the babel system
Package babel Info: Hyphen rules for 'canadian' set to \l@english
(babel)             (\language0). Reported on input line 102.
Package babel Info: Hyphen rules for 'australian' set to \l@ukenglish
(babel)             (\language73). Reported on input line 105.
Package babel Info: Hyphen rules for 'newzealand' set to \l@ukenglish
(babel)             (\language73). Reported on input line 108.
)
Package babel Info: Importing font and identification data for polish
(babel)             from babel-pl.ini. Reported on input line 4356.
 (C:\Users\Azatal\AppData\Local\Programs\MiKTeX\tex/latex/babel-polish\polish.ldf
Language: polish 2022/03/12 1.3 Babel support for Polish
Package babel Info: Making " an active character on input line 101.
)) (C:\Users\Azatal\AppData\Local\Programs\MiKTeX\tex/latex/lm\lmodern.sty
Package: lmodern 2015/05/01 v1.6.1 Latin Modern Fonts
LaTeX Font Info:    Overwriting symbol font `operators' in version `normal'
(Font)                  OT1/cmr/m/n --> OT1/lmr/m/n on input line 22.
LaTeX Font Info:    Overwriting symbol font `letters' in version `normal'
(Font)                  OML/cmm/m/it --> OML/lmm/m/it on input line 23.
LaTeX Font Info:    Overwriting symbol font `symbols' in version `normal'
(Font)                  OMS/cmsy/m/n --> OMS/lmsy/m/n on input line 24.
LaTeX Font Info:    Overwriting symbol font `largesymbols' in version `normal'
(Font)                  OMX/cmex/m/n --> OMX/lmex/m/n on input line 25.
LaTeX Font Info:    Overwriting symbol font `operators' in version `bold'
(Font)                  OT1/cmr/bx/n --> OT1/lmr/bx/n on input line 26.
LaTeX Font Info:    Overwriting symbol font `letters' in version `bold'
(Font)                  OML/cmm/b/it --> OML/lmm/b/it on input line 27.
LaTeX Font Info:    Overwriting symbol font `symbols' in version `bold'
(Font)                  OMS/cmsy/b/n --> OMS/lmsy/b/n on input line 28.
LaTeX Font Info:    Overwriting symbol font `largesymbols' in version `bold'
(Font)                  OMX/cmex/m/n --> OMX/lmex/m/n on input line 29.
LaTeX Font Info:    Overwriting math alphabet `\mathbf' in version `normal'
(Font)                  OT1/cmr/bx/n --> OT1/lmr/bx/n on input line 31.
LaTeX Font Info:    Overwriting math alphabet `\mathsf' in version `normal'
(Font)                  OT1/cmss/m/n --> OT1/lmss/m/n on input line 32.
LaTeX Font Info:    Overwriting math alphabet `\mathit' in version `normal'
(Font)                  OT1/cmr/m/it --> OT1/lmr/m/it on input line 33.
LaTeX Font Info:    Overwriting math alphabet `\mathtt' in version `normal'
(Font)                  OT1/cmtt/m/n --> OT1/lmtt/m/n on input line 34.
LaTeX Font Info:    Overwriting math alphabet `\mathbf' in version `bold'
(Font)                  OT1/cmr/bx/n --> OT1/lmr/bx/n on input line 35.
LaTeX Font Info:    Overwriting math alphabet `\mathsf' in version `bold'
(Font)                  OT1/cmss/bx/n --> OT1/lmss/bx/n on input line 36.
LaTeX Font Info:    Overwriting math alphabet `\mathit' in version `bold'
(Font)                  OT1/cmr/bx/it --> OT1/lmr/bx/it on input line 37.
LaTeX Font Info:    Overwriting math alphabet `\mathtt' in version `bold'
(Font)                  OT1/cmtt/m/n --> OT1/lmtt/m/n on input line 38.
) (C:\Users\Azatal\AppData\Local\Programs\MiKTeX\tex/latex/geometry\geometry.sty
Package: geometry 2026/03/07 v6.0 Page Geometry
 (C:\Users\Azatal\AppData\Local\Programs\MiKTeX\tex/latex/graphics\keyval.sty
Package: keyval 2022/05/29 v1.15 key=value parser (DPC)
\KV@toks@=\toks19
) (C:\Users\Azatal\AppData\Local\Programs\MiKTeX\tex/generic/iftex\ifvtex.sty
Package: ifvtex 2019/10/25 v1.7 ifvtex legacy package. Use iftex instead.
 (C:\Users\Azatal\AppData\Local\Programs\MiKTeX\tex/generic/iftex\iftex.sty
Package: iftex 2024/12/12 v1.0g TeX engine tests
))
\Gm@cnth=\count286
\Gm@cntv=\count287
\c@Gm@tempcnt=\count288
\Gm@bindingoffset=\dimen152
\Gm@wd@mp=\dimen153
\Gm@odd@mp=\dimen154
\Gm@even@mp=\dimen155
\Gm@layoutwidth=\dimen156
\Gm@layoutheight=\dimen157
\Gm@layouthoffset=\dimen158
\Gm@layoutvoffset=\dimen159
\Gm@dimlist=\toks20
 (C:\Users\Azatal\AppData\Local\Programs\MiKTeX\tex/latex/geometry\geometry.cfg)) (C:\Users\Azatal\AppData\Local\Programs\MiKTeX\tex/latex/setspace\setspace.sty
Package: setspace 2022/12/04 v6.7b set line spacing
) (C:\Users\Azatal\AppData\Local\Programs\MiKTeX\tex/latex/amsmath\amsmath.sty
Package: amsmath 2025/07/09 v2.17z AMS math features
\@mathmargin=\skip51

For additional information on amsmath, use the `?' option.
(C:\Users\Azatal\AppData\Local\Programs\MiKTeX\tex/latex/amsmath\amstext.sty
Package: amstext 2024/11/17 v2.01 AMS text
 (C:\Users\Azatal\AppData\Local\Programs\MiKTeX\tex/latex/amsmath\amsgen.sty
File: amsgen.sty 1999/11/30 v2.0 generic functions
\@emptytoks=\toks21
\ex@=\dimen160
)) (C:\Users\Azatal\AppData\Local\Programs\MiKTeX\tex/latex/amsmath\amsbsy.sty
Package: amsbsy 1999/11/29 v1.2d Bold Symbols
\pmbraise@=\dimen161
) (C:\Users\Azatal\AppData\Local\Programs\MiKTeX\tex/latex/amsmath\amsopn.sty
Package: amsopn 2022/04/08 v2.04 operator names
)
\inf@bad=\count289
LaTeX Info: Redefining \frac on input line 233.
\uproot@=\count290
\leftroot@=\count291
LaTeX Info: Redefining \overline on input line 398.
LaTeX Info: Redefining \colon on input line 409.
\classnum@=\count292
\DOTSCASE@=\count293
LaTeX Info: Redefining \ldots on input line 495.
LaTeX Info: Redefining \dots on input line 498.
LaTeX Info: Redefining \cdots on input line 619.
\Mathstrutbox@=\box53
\strutbox@=\box54
LaTeX Info: Redefining \big on input line 721.
LaTeX Info: Redefining \Big on input line 722.
LaTeX Info: Redefining \bigg on input line 723.
LaTeX Info: Redefining \Bigg on input line 724.
\big@size=\dimen162
LaTeX Font Info:    Redeclaring font encoding OML on input line 742.
LaTeX Font Info:    Redeclaring font encoding OMS on input line 743.
\macc@depth=\count294
LaTeX Info: Redefining \bmod on input line 904.
LaTeX Info: Redefining \pmod on input line 909.
LaTeX Info: Redefining \smash on input line 939.
LaTeX Info: Redefining \relbar on input line 969.
LaTeX Info: Redefining \Relbar on input line 970.
\c@MaxMatrixCols=\count295
\dotsspace@=\muskip17
\c@parentequation=\count296
\dspbrk@lvl=\count297
\tag@help=\toks22
\row@=\count298
\column@=\count299
\maxfields@=\count300
\andhelp@=\toks23
\eqnshift@=\dimen163
\alignsep@=\dimen164
\tagshift@=\dimen165
\tagwidth@=\dimen166
\totwidth@=\dimen167
\lineht@=\dimen168
\@envbody=\toks24
\multlinegap=\skip52
\multlinetaggap=\skip53
\mathdisplay@stack=\toks25
LaTeX Info: Redefining \[ on input line 2950.
LaTeX Info: Redefining \] on input line 2951.
) (C:\Users\Azatal\AppData\Local\Programs\MiKTeX\tex/latex/amsfonts\amssymb.sty
Package: amssymb 2013/01/14 v3.01 AMS font symbols
 (C:\Users\Azatal\AppData\Local\Programs\MiKTeX\tex/latex/amsfonts\amsfonts.sty
Package: amsfonts 2013/01/14 v3.01 Basic AMSFonts support
\symAMSa=\mathgroup4
\symAMSb=\mathgroup5
LaTeX Font Info:    Redeclaring math symbol \hbar on input line 98.
LaTeX Font Info:    Overwriting math alphabet `\mathfrak' in version `bold'
(Font)                  U/euf/m/n --> U/euf/b/n on input line 106.
)) (C:\Users\Azatal\AppData\Local\Programs\MiKTeX\tex/latex/amscls\amsthm.sty
Package: amsthm 2020/05/29 v2.20.6
\thm@style=\toks26
\thm@bodyfont=\toks27
\thm@headfont=\toks28
\thm@notefont=\toks29
\thm@headpunct=\toks30
\thm@preskip=\skip54
\thm@postskip=\skip55
\thm@headsep=\skip56
\dth@everypar=\toks31
) (C:\Users\Azatal\AppData\Local\Programs\MiKTeX\tex/latex/mathtools\mathtools.sty
Package: mathtools 2024/10/04 v1.31 mathematical typesetting tools
 (C:\Users\Azatal\AppData\Local\Programs\MiKTeX\tex/latex/tools\calc.sty
Package: calc 2025/03/01 v4.3b Infix arithmetic (KKT,FJ)
\calc@Acount=\count301
\calc@Bcount=\count302
\calc@Adimen=\dimen169
\calc@Bdimen=\dimen170
\calc@Askip=\skip57
\calc@Bskip=\skip58
LaTeX Info: Redefining \setlength on input line 86.
LaTeX Info: Redefining \addtolength on input line 87.
\calc@Ccount=\count303
\calc@Cskip=\skip59
) (C:\Users\Azatal\AppData\Local\Programs\MiKTeX\tex/latex/mathtools\mhsetup.sty
Package: mhsetup 2021/03/18 v1.4 programming setup (MH)
)
\g_MT_multlinerow_int=\count304
\l_MT_multwidth_dim=\dimen171
\origjot=\skip60
\l_MT_shortvdotswithinadjustabove_dim=\dimen172
\l_MT_shortvdotswithinadjustbelow_dim=\dimen173
\l_MT_above_intertext_sep=\dimen174
\l_MT_below_intertext_sep=\dimen175
\l_MT_above_shortintertext_sep=\dimen176
\l_MT_below_shortintertext_sep=\dimen177
\xmathstrut@box=\box55
\xmathstrut@dim=\dimen178
) (C:\Users\Azatal\AppData\Local\Programs\MiKTeX\tex/latex/tools\bm.sty
Package: bm 2025/10/21 v1.2g Bold Symbol Support (DPC/FMi)
\symboldoperators=\mathgroup6
\symboldletters=\mathgroup7
\symboldsymbols=\mathgroup8
Package bm Info: No bold for \OMX/lmex/m/n, using \pmb.
Package bm Info: No bold for \U/msa/m/n, using \pmb.
Package bm Info: No bold for \U/msb/m/n, using \pmb.
LaTeX Font Info:    Redeclaring math alphabet \mathbf on input line 149.
) (C:\Users\Azatal\AppData\Local\Programs\MiKTeX\tex/latex/units\nicefrac.sty
Package: nicefrac 1998/08/04 v0.9b Nice fractions
\L@UnitsRaiseDisplaystyle=\skip61
\L@UnitsRaiseTextstyle=\skip62
\L@UnitsRaiseScriptstyle=\skip63
 (C:\Users\Azatal\AppData\Local\Programs\MiKTeX\tex/latex/base\ifthen.sty
Package: ifthen 2024/03/16 v1.1e Standard LaTeX ifthen package (DPC)
)) (C:\Users\Azatal\AppData\Local\Programs\MiKTeX\tex/latex/graphics\graphicx.sty
Package: graphicx 2024/12/31 v1.2e Enhanced LaTeX Graphics (DPC,SPQR)
 (C:\Users\Azatal\AppData\Local\Programs\MiKTeX\tex/latex/graphics\graphics.sty
Package: graphics 2024/08/06 v1.4g Standard LaTeX Graphics (DPC,SPQR)
 (C:\Users\Azatal\AppData\Local\Programs\MiKTeX\tex/latex/graphics\trig.sty
Package: trig 2023/12/02 v1.11 sin cos tan (DPC)
) (C:\Users\Azatal\AppData\Local\Programs\MiKTeX\tex/latex/graphics-cfg\graphics.cfg
File: graphics.cfg 2016/06/04 v1.11 sample graphics configuration
)
Package graphics Info: Driver file: pdftex.def on input line 106.
 (C:\Users\Azatal\AppData\Local\Programs\MiKTeX\tex/latex/graphics-def\pdftex.def
File: pdftex.def 2025/09/29 v1.2d Graphics/color driver for pdftex
))
\Gin@req@height=\dimen179
\Gin@req@width=\dimen180
) (C:\Users\Azatal\AppData\Local\Programs\MiKTeX\tex/latex/float\float.sty
Package: float 2001/11/08 v1.3d Float enhancements (AL)
\c@float@type=\count305
\float@exts=\toks32
\float@box=\box56
\@float@everytoks=\toks33
\@floatcapt=\box57
) (C:\Users\Azatal\AppData\Local\Programs\MiKTeX\tex/latex/caption\caption.sty
Package: caption 2023/08/05 v3.6o Customizing captions (AR)
 (C:\Users\Azatal\AppData\Local\Programs\MiKTeX\tex/latex/caption\caption3.sty
Package: caption3 2023/07/31 v2.4d caption3 kernel (AR)
\caption@tempdima=\dimen181
\captionmargin=\dimen182
\caption@leftmargin=\dimen183
\caption@rightmargin=\dimen184
\caption@width=\dimen185
\caption@indent=\dimen186
\caption@parindent=\dimen187
\caption@hangindent=\dimen188
Package caption Info: Standard document class detected.
)
\c@caption@flags=\count306
\c@continuedfloat=\count307
Package caption Info: float package is loaded.
) (C:\Users\Azatal\AppData\Local\Programs\MiKTeX\tex/latex/caption\subcaption.sty
Package: subcaption 2023/07/28 v1.6b Sub-captions (AR)
Package caption Info: New subtype `subfigure' on input line 238.
\c@subfigure=\count308
Package caption Info: New subtype `subtable' on input line 238.
\c@subtable=\count309
) (C:\Users\Azatal\AppData\Local\Programs\MiKTeX\tex/latex/booktabs\booktabs.sty
Package: booktabs 2020/01/12 v1.61803398 Publication quality tables
\heavyrulewidth=\dimen189
\lightrulewidth=\dimen190
\cmidrulewidth=\dimen191
\belowrulesep=\dimen192
\belowbottomsep=\dimen193
\aboverulesep=\dimen194
\abovetopsep=\dimen195
\cmidrulesep=\dimen196
\cmidrulekern=\dimen197
\defaultaddspace=\dimen198
\@cmidla=\count310
\@cmidlb=\count311
\@aboverulesep=\dimen199
\@belowrulesep=\dimen256
\@thisruleclass=\count312
\@lastruleclass=\count313
\@thisrulewidth=\dimen257
) (C:\Users\Azatal\AppData\Local\Programs\MiKTeX\tex/latex/tools\array.sty
Package: array 2025/09/25 v2.6n Tabular extension package (FMi)
\col@sep=\dimen258
\ar@mcellbox=\box58
\extrarowheight=\dimen259
\NC@list=\toks34
\extratabsurround=\skip64
\backup@length=\skip65
\ar@cellbox=\box59
) (C:\Users\Azatal\AppData\Local\Programs\MiKTeX\tex/latex/multirow\multirow.sty
Package: multirow 2024/11/12 v2.9 Span multiple rows of a table
\multirow@colwidth=\skip66
\multirow@cntb=\count314
\multirow@dima=\skip67
\bigstrutjot=\dimen260
) (C:\Users\Azatal\AppData\Local\Programs\MiKTeX\tex/latex/tools\tabularx.sty
Package: tabularx 2023/12/11 v2.12a `tabularx' package (DPC)
\TX@col@width=\dimen261
\TX@old@table=\dimen262
\TX@old@col=\dimen263
\TX@target=\dimen264
\TX@delta=\dimen265
\TX@cols=\count315
\TX@ftn=\toks35
) (C:\Users\Azatal\AppData\Local\Programs\MiKTeX\tex/latex/xcolor\xcolor.sty
Package: xcolor 2024/09/29 v3.02 LaTeX color extensions (UK)
 (C:\Users\Azatal\AppData\Local\Programs\MiKTeX\tex/latex/graphics-cfg\color.cfg
File: color.cfg 2016/01/02 v1.6 sample color configuration
)
Package xcolor Info: Driver file: pdftex.def on input line 274.
 (C:\Users\Azatal\AppData\Local\Programs\MiKTeX\tex/latex/graphics\mathcolor.ltx)
Package xcolor Info: Model `cmy' substituted by `cmy0' on input line 1349.
Package xcolor Info: Model `hsb' substituted by `rgb' on input line 1353.
Package xcolor Info: Model `RGB' extended on input line 1365.
Package xcolor Info: Model `HTML' substituted by `rgb' on input line 1367.
Package xcolor Info: Model `Hsb' substituted by `hsb' on input line 1368.
Package xcolor Info: Model `tHsb' substituted by `hsb' on input line 1369.
Package xcolor Info: Model `HSB' substituted by `hsb' on input line 1370.
Package xcolor Info: Model `Gray' substituted by `gray' on input line 1371.
Package xcolor Info: Model `wave' substituted by `hsb' on input line 1372.
) (C:\Users\Azatal\AppData\Local\Programs\MiKTeX\tex/latex/hyperref\hyperref.sty
Package: hyperref 2026-04-24 v7.01q Hypertext links for LaTeX
 (C:\Users\Azatal\AppData\Local\Programs\MiKTeX\tex/latex/kvsetkeys\kvsetkeys.sty
Package: kvsetkeys 2022-10-05 v1.19 Key value parser (HO)
) (C:\Users\Azatal\AppData\Local\Programs\MiKTeX\tex/generic/kvdefinekeys\kvdefinekeys.sty
Package: kvdefinekeys 2019-12-19 v1.6 Define keys (HO)
) (C:\Users\Azatal\AppData\Local\Programs\MiKTeX\tex/generic/pdfescape\pdfescape.sty
Package: pdfescape 2019/12/09 v1.15 Implements pdfTeX's escape features (HO)
 (C:\Users\Azatal\AppData\Local\Programs\MiKTeX\tex/generic/ltxcmds\ltxcmds.sty
Package: ltxcmds 2023-12-04 v1.26 LaTeX kernel commands for general use (HO)
) (C:\Users\Azatal\AppData\Local\Programs\MiKTeX\tex/generic/pdftexcmds\pdftexcmds.sty
Package: pdftexcmds 2020-06-27 v0.33 Utility functions of pdfTeX for LuaTeX (HO)
 (C:\Users\Azatal\AppData\Local\Programs\MiKTeX\tex/generic/infwarerr\infwarerr.sty
Package: infwarerr 2019/12/03 v1.5 Providing info/warning/error messages (HO)
)
Package pdftexcmds Info: \pdf@primitive is available.
Package pdftexcmds Info: \pdf@ifprimitive is available.
Package pdftexcmds Info: \pdfdraftmode found.
)) (C:\Users\Azatal\AppData\Local\Programs\MiKTeX\tex/latex/hycolor\hycolor.sty
Package: hycolor 2020-01-27 v1.10 Color options for hyperref/bookmark (HO)
) (C:\Users\Azatal\AppData\Local\Programs\MiKTeX\tex/latex/hyperref\nameref.sty
Package: nameref 2026-01-29 v2.58 Cross-referencing by name of section
 (C:\Users\Azatal\AppData\Local\Programs\MiKTeX\tex/latex/refcount\refcount.sty
Package: refcount 2019/12/15 v3.6 Data extraction from label references (HO)
) (C:\Users\Azatal\AppData\Local\Programs\MiKTeX\tex/generic/gettitlestring\gettitlestring.sty
Package: gettitlestring 2019/12/15 v1.6 Cleanup title references (HO)
 (C:\Users\Azatal\AppData\Local\Programs\MiKTeX\tex/latex/kvoptions\kvoptions.sty
Package: kvoptions 2022-06-15 v3.15 Key value format for package options (HO)
))
\c@section@level=\count316
) (C:\Users\Azatal\AppData\Local\Programs\MiKTeX\tex/latex/etoolbox\etoolbox.sty
Package: etoolbox 2025/10/02 v2.5m e-TeX tools for LaTeX (JAW)
\etb@tempcnta=\count317
) (C:\Users\Azatal\AppData\Local\Programs\MiKTeX\tex/generic/stringenc\stringenc.sty
Package: stringenc 2019/11/29 v1.12 Convert strings between diff. encodings (HO)
)
\@linkdim=\dimen266
\Hy@linkcounter=\count318
\Hy@pagecounter=\count319
 (C:\Users\Azatal\AppData\Local\Programs\MiKTeX\tex/latex/hyperref\pd1enc.def
File: pd1enc.def 2026-04-24 v7.01q Hyperref: PDFDocEncoding definition (HO)
Now handling font encoding PD1 ...
... no UTF-8 mapping file for font encoding PD1
) (C:\Users\Azatal\AppData\Local\Programs\MiKTeX\tex/generic/intcalc\intcalc.sty
Package: intcalc 2019/12/15 v1.3 Expandable calculations with integers (HO)
)
\Hy@SavedSpaceFactor=\count320
 (C:\Users\Azatal\AppData\Local\Programs\MiKTeX\tex/latex/hyperref\puenc.def
File: puenc.def 2026-04-24 v7.01q Hyperref: PDF Unicode definition (HO)
Now handling font encoding PU ...
... no UTF-8 mapping file for font encoding PU
)
Package hyperref Info: Hyper figures OFF on input line 4199.
Package hyperref Info: Link nesting OFF on input line 4204.
Package hyperref Info: Hyper index ON on input line 4207.
Package hyperref Info: Plain pages OFF on input line 4214.
Package hyperref Info: Backreferencing OFF on input line 4219.
Package hyperref Info: Implicit mode ON; LaTeX internals redefined.
Package hyperref Info: Bookmarks ON on input line 4466.
\c@Hy@tempcnt=\count321
 (C:\Users\Azatal\AppData\Local\Programs\MiKTeX\tex/latex/url\url.sty
\Urlmuskip=\muskip18
Package: url 2013/09/16  ver 3.4  Verb mode for urls, etc.
)
LaTeX Info: Redefining \url on input line 4805.
\XeTeXLinkMargin=\dimen267
 (C:\Users\Azatal\AppData\Local\Programs\MiKTeX\tex/generic/bitset\bitset.sty
Package: bitset 2019/12/09 v1.3 Handle bit-vector datatype (HO)
 (C:\Users\Azatal\AppData\Local\Programs\MiKTeX\tex/generic/bigintcalc\bigintcalc.sty
Package: bigintcalc 2019/12/15 v1.5 Expandable calculations on big integers (HO)
))
\Fld@menulength=\count322
\Field@Width=\dimen268
\Fld@charsize=\dimen269
Package hyperref Info: Hyper figures OFF on input line 6091.
Package hyperref Info: Link nesting OFF on input line 6096.
Package hyperref Info: Hyper index ON on input line 6099.
Package hyperref Info: backreferencing OFF on input line 6106.
Package hyperref Info: Link coloring OFF on input line 6111.
Package hyperref Info: Link coloring with OCG OFF on input line 6116.
Package hyperref Info: PDF/A mode OFF on input line 6121.
\Hy@abspage=\count323
\c@Item=\count324
\c@Hfootnote=\count325
)
Package hyperref Info: Driver (autodetected): hpdftex.
 (C:\Users\Azatal\AppData\Local\Programs\MiKTeX\tex/latex/hyperref\hpdftex.def
File: hpdftex.def 2026-04-24 v7.01q Hyperref driver for pdfTeX
\Fld@listcount=\count326
\c@bookmark@seq@number=\count327
 (C:\Users\Azatal\AppData\Local\Programs\MiKTeX\tex/latex/rerunfilecheck\rerunfilecheck.sty
Package: rerunfilecheck 2025-06-21 v1.11 Rerun checks for auxiliary files (HO)
 (C:\Users\Azatal\AppData\Local\Programs\MiKTeX\tex/generic/uniquecounter\uniquecounter.sty
Package: uniquecounter 2019/12/15 v1.4 Provide unlimited unique counter (HO)
)
Package uniquecounter Info: New unique counter `rerunfilecheck' on input line 284.
)
\Hy@SectionHShift=\skip68
) (C:\Users\Azatal\AppData\Local\Programs\MiKTeX\tex/latex/cleveref\cleveref.sty
Package: cleveref 2018/03/27 v0.21.4 Intelligent cross-referencing
Package cleveref Info: `hyperref' support loaded on input line 2370.
LaTeX Info: Redefining \cref on input line 2370.
LaTeX Info: Redefining \Cref on input line 2370.
LaTeX Info: Redefining \crefrange on input line 2370.
LaTeX Info: Redefining \Crefrange on input line 2370.
LaTeX Info: Redefining \cpageref on input line 2370.
LaTeX Info: Redefining \Cpageref on input line 2370.
LaTeX Info: Redefining \cpagerefrange on input line 2370.
LaTeX Info: Redefining \Cpagerefrange on input line 2370.
LaTeX Info: Redefining \labelcref on input line 2370.
LaTeX Info: Redefining \labelcpageref on input line 2370.
Package cleveref Info: `amsthm' support loaded on input line 3026.
Package cleveref Info: include cross-reference names in hyperlinks on input line 7836.
Package cleveref Info: include cross-reference names in hyperlinks on input line 7852.
Package cleveref Info: no abbreviation of names on input line 7852.
)
==> First Aid for cleveref.sty applied!
(C:\Users\Azatal\AppData\Local\Programs\MiKTeX\tex/latex/csquotes\csquotes.sty
Package: csquotes 2026-05-19 v5.2p context-sensitive quotations (JAW)
\csq@reset=\count328
\csq@gtype=\count329
\csq@glevel=\count330
\csq@qlevel=\count331
\csq@maxlvl=\count332
\csq@tshold=\count333
\csq@ltx@everypar=\toks36
 (C:\Users\Azatal\AppData\Local\Programs\MiKTeX\tex/latex/csquotes\csquotes.def
File: csquotes.def 2026-05-19 v5.2p csquotes generic definitions (JAW)
)
Package csquotes Info: Trying to load configuration file 'csquotes.cfg'...
Package csquotes Info: ... configuration file loaded successfully.
 (C:\Users\Azatal\AppData\Local\Programs\MiKTeX\tex/latex/csquotes\csquotes.cfg
File: csquotes.cfg 
)) (C:\Users\Azatal\AppData\Local\Programs\MiKTeX\tex/latex/biblatex\biblatex.sty
Package: biblatex 2025/07/10 v3.21 programmable bibliographies (PK/MW)
 (C:\Users\Azatal\AppData\Local\Programs\MiKTeX\tex/latex/logreq\logreq.sty
Package: logreq 2010/08/04 v1.0 xml request logger
\lrq@indent=\count334
 (C:\Users\Azatal\AppData\Local\Programs\MiKTeX\tex/latex/logreq\logreq.def
File: logreq.def 2010/08/04 v1.0 logreq spec v1.0
))
\c@tabx@nest=\count335
\c@listtotal=\count336
\c@listcount=\count337
\c@liststart=\count338
\c@liststop=\count339
\c@citecount=\count340
\c@citetotal=\count341
\c@multicitecount=\count342
\c@multicitetotal=\count343
\c@instcount=\count344
\c@maxnames=\count345
\c@minnames=\count346
\c@maxitems=\count347
\c@minitems=\count348
\c@citecounter=\count349
\c@maxcitecounter=\count350
\c@savedcitecounter=\count351
\c@uniquelist=\count352
\c@uniquename=\count353
\c@refsection=\count354
\c@refsegment=\count355
\c@maxextratitle=\count356
\c@maxextratitleyear=\count357
\c@maxextraname=\count358
\c@maxextradate=\count359
\c@maxextraalpha=\count360
\c@abbrvpenalty=\count361
\c@highnamepenalty=\count362
\c@lownamepenalty=\count363
\c@maxparens=\count364
\c@parenlevel=\count365
\blx@tempcnta=\count366
\blx@tempcntb=\count367
\blx@tempcntc=\count368
\c@blx@maxsection=\count369
\blx@maxsegment@0=\count370
\blx@notetype=\count371
\blx@parenlevel@text=\count372
\blx@parenlevel@foot=\count373
\blx@sectionciteorder@0=\count374
\blx@sectionciteorderinternal@0=\count375
\blx@entrysetcounter=\count376
\blx@biblioinstance=\count377
\labelnumberwidth=\skip69
\labelalphawidth=\skip70
\biblabelsep=\skip71
\bibitemsep=\skip72
\bibnamesep=\skip73
\bibinitsep=\skip74
\bibparsep=\skip75
\bibhang=\skip76
\blx@bcfin=\read3
\blx@bcfout=\write3
\blx@langwohyphens=\language80
\c@mincomprange=\count378
\c@maxcomprange=\count379
\c@mincompwidth=\count380
Package biblatex Info: Trying to load biblatex default data model...
Package biblatex Info: ... file 'blx-dm.def' found.
 (C:\Users\Azatal\AppData\Local\Programs\MiKTeX\tex/latex/biblatex\blx-dm.def
File: blx-dm.def 2025/07/10 v3.21 biblatex datamodel (PK/MW)
)
Package biblatex Info: Trying to load biblatex style data model...
Package biblatex Info: ... file 'numeric.dbx' not found.
Package biblatex Info: Trying to load biblatex custom data model...
Package biblatex Info: ... file 'biblatex-dm.cfg' not found.
\c@afterword=\count381
\c@savedafterword=\count382
\c@annotator=\count383
\c@savedannotator=\count384
\c@author=\count385
\c@savedauthor=\count386
\c@bookauthor=\count387
\c@savedbookauthor=\count388
\c@commentator=\count389
\c@savedcommentator=\count390
\c@editor=\count391
\c@savededitor=\count392
\c@editora=\count393
\c@savededitora=\count394
\c@editorb=\count395
\c@savededitorb=\count396
\c@editorc=\count397
\c@savededitorc=\count398
\c@foreword=\count399
\c@savedforeword=\count400
\c@holder=\count401
\c@savedholder=\count402
\c@introduction=\count403
\c@savedintroduction=\count404
\c@namea=\count405
\c@savednamea=\count406
\c@nameb=\count407
\c@savednameb=\count408
\c@namec=\count409
\c@savednamec=\count410
\c@translator=\count411
\c@savedtranslator=\count412
\c@shortauthor=\count413
\c@savedshortauthor=\count414
\c@shorteditor=\count415
\c@savedshorteditor=\count416
\c@labelname=\count417
\c@savedlabelname=\count418
\c@institution=\count419
\c@savedinstitution=\count420
\c@lista=\count421
\c@savedlista=\count422
\c@listb=\count423
\c@savedlistb=\count424
\c@listc=\count425
\c@savedlistc=\count426
\c@listd=\count427
\c@savedlistd=\count428
\c@liste=\count429
\c@savedliste=\count430
\c@listf=\count431
\c@savedlistf=\count432
\c@location=\count433
\c@savedlocation=\count434
\c@organization=\count435
\c@savedorganization=\count436
\c@origlocation=\count437
\c@savedoriglocation=\count438
\c@origpublisher=\count439
\c@savedorigpublisher=\count440
\c@publisher=\count441
\c@savedpublisher=\count442
\c@language=\count443
\c@savedlanguage=\count444
\c@origlanguage=\count445
\c@savedoriglanguage=\count446
\c@pageref=\count447
\c@savedpageref=\count448
\shorthandwidth=\skip77
\shortjournalwidth=\skip78
\shortserieswidth=\skip79
\shorttitlewidth=\skip80
\shortauthorwidth=\skip81
\shorteditorwidth=\skip82
\locallabelnumberwidth=\skip83
\locallabelalphawidth=\skip84
\localshorthandwidth=\skip85
\localshortjournalwidth=\skip86
\localshortserieswidth=\skip87
\localshorttitlewidth=\skip88
\localshortauthorwidth=\skip89
\localshorteditorwidth=\skip90
Package biblatex Info: Trying to load compatibility code...
Package biblatex Info: ... file 'blx-compat.def' found.
 (C:\Users\Azatal\AppData\Local\Programs\MiKTeX\tex/latex/biblatex\blx-compat.def
File: blx-compat.def 2025/07/10 v3.21 biblatex compatibility (PK/MW)
)
Package biblatex Info: Trying to load generic definitions...
Package biblatex Info: ... file 'biblatex.def' found.
 (C:\Users\Azatal\AppData\Local\Programs\MiKTeX\tex/latex/biblatex\biblatex.def
File: biblatex.def 2025/07/10 v3.21 biblatex compatibility (PK/MW)
\c@textcitecount=\count449
\c@textcitetotal=\count450
\c@textcitemaxnames=\count451
\c@biburlbigbreakpenalty=\count452
\c@biburlbreakpenalty=\count453
\c@biburlnumpenalty=\count454
\c@biburlucpenalty=\count455
\c@biburllcpenalty=\count456
\biburlbigskip=\muskip19
\biburlnumskip=\muskip20
\biburlucskip=\muskip21
\biburllcskip=\muskip22
\c@smartand=\count457
)
Package biblatex Info: Trying to load bibliography style 'numeric'...
Package biblatex Info: ... file 'numeric.bbx' found.
 (C:\Users\Azatal\AppData\Local\Programs\MiKTeX\tex/latex/biblatex/bbx\numeric.bbx
File: numeric.bbx 2025/07/10 v3.21 biblatex bibliography style (PK/MW)
Package biblatex Info: Trying to load bibliography style 'standard'...
Package biblatex Info: ... file 'standard.bbx' found.
 (C:\Users\Azatal\AppData\Local\Programs\MiKTeX\tex/latex/biblatex/bbx\standard.bbx
File: standard.bbx 2025/07/10 v3.21 biblatex bibliography style (PK/MW)
\c@bbx:relatedcount=\count458
\c@bbx:relatedtotal=\count459
))
Package biblatex Info: Trying to load citation style 'numeric'...
Package biblatex Info: ... file 'numeric.cbx' found.
 (C:\Users\Azatal\AppData\Local\Programs\MiKTeX\tex/latex/biblatex/cbx\numeric.cbx
File: numeric.cbx 2025/07/10 v3.21 biblatex citation style (PK/MW)
Package biblatex Info: Redefining '\cite'.
Package biblatex Info: Redefining '\parencite'.
Package biblatex Info: Redefining '\footcite'.
Package biblatex Info: Redefining '\footcitetext'.
Package biblatex Info: Redefining '\smartcite'.
Package biblatex Info: Redefining '\supercite'.
Package biblatex Info: Redefining '\textcite'.
Package biblatex Info: Redefining '\textcites'.
Package biblatex Info: Redefining '\cites'.
Package biblatex Info: Redefining '\parencites'.
Package biblatex Info: Redefining '\smartcites'.
)
Package biblatex Info: Trying to load configuration file...
Package biblatex Info: ... file 'biblatex.cfg' found.
 (C:\Users\Azatal\AppData\Local\Programs\MiKTeX\tex/latex/biblatex\biblatex.cfg
File: biblatex.cfg 
)
Package biblatex Info: Input encoding 'utf8' detected.
Package biblatex Info: Document encoding is UTF8 ....
 (C:\Users\Azatal\AppData\Local\Programs\MiKTeX\tex/latex/l3kernel\expl3.sty
Package: expl3 2026-04-28 L3 programming layer (loader) 
 (C:\Users\Azatal\AppData\Local\Programs\MiKTeX\tex/latex/l3backend\l3backend-pdftex.def
File: l3backend-pdftex.def 2026-02-18 L3 backend support: PDF output (pdfTeX)
\l__color_backend_stack_int=\count460
))
Package biblatex Info: ... and expl3
(biblatex)             2026-04-28 L3 programming layer (loader) 
(biblatex)             is new enough (at least 2020/04/06),
(biblatex)             setting 'casechanger=expl3'.
 (C:\Users\Azatal\AppData\Local\Programs\MiKTeX\tex/latex/biblatex\blx-case-expl3.sty (C:\Users\Azatal\AppData\Local\Programs\MiKTeX\tex/latex/l3packages/xparse\xparse.sty
Package: xparse 2025-10-09 L3 Experimental document command parser
)
Package: blx-case-expl3 2025/07/10 v3.21 expl3 case changing code for biblatex
)) (C:\Users\Azatal\AppData\Local\Programs\MiKTeX\tex/latex/listings\listings.sty
\lst@mode=\count461
\lst@gtempboxa=\box60
\lst@token=\toks37
\lst@length=\count462
\lst@currlwidth=\dimen270
\lst@column=\count463
\lst@pos=\count464
\lst@lostspace=\dimen271
\lst@width=\dimen272
\lst@newlines=\count465
\lst@lineno=\count466
\lst@maxwidth=\dimen273
 (C:\Users\Azatal\AppData\Local\Programs\MiKTeX\tex/latex/listings\lstpatch.sty
File: lstpatch.sty 2025/11/14 1.11b (Carsten Heinz)
) (C:\Users\Azatal\AppData\Local\Programs\MiKTeX\tex/latex/listings\lstmisc.sty
File: lstmisc.sty 2025/11/14 1.11b (Carsten Heinz)
\c@lstnumber=\count467
\lst@skipnumbers=\count468
\lst@framebox=\box61
) (C:\Users\Azatal\AppData\Local\Programs\MiKTeX\tex/latex/listings\listings.cfg
File: listings.cfg 2025/11/14 1.11b listings configuration
))
Package: listings 2025/11/14 1.11b (Carsten Heinz)

==> First Aid for listings.sty no longer applied!
    Expected:
        2024/09/23 1.10c (Carsten Heinz)
    but found:
        2025/11/14 1.11b (Carsten Heinz)
    so I'm assuming it got fixed.
(C:\Users\Azatal\AppData\Local\Programs\MiKTeX\tex/latex/listings\lstlang1.sty
File: lstlang1.sty 2025/11/14 1.11b listings language file
) (C:\Users\Azatal\AppData\Local\Programs\MiKTeX\tex/latex/listings\lstlang1.sty
File: lstlang1.sty 2025/11/14 1.11b listings language file
) (C:\Users\Azatal\AppData\Local\Programs\MiKTeX\tex/latex/listings\lstmisc.sty
File: lstmisc.sty 2025/11/14 1.11b (Carsten Heinz)
)
\c@theorem=\count469
)
Package csquotes Info: Checking for multilingual support...
Package csquotes Info: ... found 'babel' package.
Package csquotes Info: Adjusting default style.
Package csquotes Info: Redefining alias 'default' -> 'polish'.
LaTeX Font Info:    Trying to load font information for T1+lmr on input line 3.
 (C:\Users\Azatal\AppData\Local\Programs\MiKTeX\tex/latex/lm\t1lmr.fd
File: t1lmr.fd 2015/05/01 v1.6.1 Font defs for Latin Modern
) (main.aux
Package babel Info: 'polish' activates 'polish' shorthands.
(babel)             Reported on input line 9.
)
\openout1 = `main.aux'.

LaTeX Font Info:    Checking defaults for OML/cmm/m/it on input line 3.
LaTeX Font Info:    ... okay on input line 3.
LaTeX Font Info:    Checking defaults for OMS/cmsy/m/n on input line 3.
LaTeX Font Info:    ... okay on input line 3.
LaTeX Font Info:    Checking defaults for OT1/cmr/m/n on input line 3.
LaTeX Font Info:    ... okay on input line 3.
LaTeX Font Info:    Checking defaults for T1/cmr/m/n on input line 3.
LaTeX Font Info:    ... okay on input line 3.
LaTeX Font Info:    Checking defaults for TS1/cmr/m/n on input line 3.
LaTeX Font Info:    ... okay on input line 3.
LaTeX Font Info:    Checking defaults for OMX/cmex/m/n on input line 3.
LaTeX Font Info:    ... okay on input line 3.
LaTeX Font Info:    Checking defaults for U/cmr/m/n on input line 3.
LaTeX Font Info:    ... okay on input line 3.
LaTeX Font Info:    Checking defaults for PD1/pdf/m/n on input line 3.
LaTeX Font Info:    ... okay on input line 3.
LaTeX Font Info:    Checking defaults for PU/pdf/m/n on input line 3.
LaTeX Font Info:    ... okay on input line 3.

*geometry* driver: auto-detecting
*geometry* detected driver: pdftex
*geometry* verbose mode - [ preamble ] result:
* driver: pdftex
* paper: a4paper
* layout: <same size as paper>
* layoutoffset:(h,v)=(0.0pt,0.0pt)
* modes: 
* h-part:(L,W,R)=(71.13188pt, 455.24411pt, 71.13188pt)
* v-part:(T,H,B)=(71.13188pt, 702.78308pt, 71.13188pt)
* \paperwidth=597.50787pt
* \paperheight=845.04684pt
* \textwidth=455.24411pt
* \textheight=702.78308pt
* \oddsidemargin=-1.1381pt
* \evensidemargin=-1.1381pt
* \topmargin=-38.1381pt
* \headheight=12.0pt
* \headsep=25.0pt
* \topskip=12.0pt
* \footskip=30.0pt
* \marginparwidth=35.0pt
* \marginparsep=10.0pt
* \columnsep=10.0pt
* \skip\footins=10.8pt plus 4.0pt minus 2.0pt
* \hoffset=0.0pt
* \voffset=0.0pt
* \mag=1000
* \@twocolumnfalse
* \@twosidefalse
* \@mparswitchfalse
* \@reversemarginfalse
* (1in=72.27pt=25.4mm, 1cm=28.453pt)

(C:\Users\Azatal\AppData\Local\Programs\MiKTeX\tex/context/base/mkii\supp-pdf.mkii
[Loading MPS to PDF converter (version 2006.09.02).]
\scratchcounter=\count470
\scratchdimen=\dimen274
\scratchbox=\box62
\nofMPsegments=\count471
\nofMParguments=\count472
\everyMPshowfont=\toks38
\MPscratchCnt=\count473
\MPscratchDim=\dimen275
\MPnumerator=\count474
\makeMPintoPDFobject=\count475
\everyMPtoPDFconversion=\toks39
) (C:\Users\Azatal\AppData\Local\Programs\MiKTeX\tex/latex/epstopdf-pkg\epstopdf-base.sty
Package: epstopdf-base 2020-01-24 v2.11 Base part for package epstopdf
Package epstopdf-base Info: Redefining graphics rule for `.eps' on input line 485.
 (C:\Users\Azatal\AppData\Local\Programs\MiKTeX\tex/latex/00miktex\epstopdf-sys.cfg
File: epstopdf-sys.cfg 2021/03/18 v2.0 Configuration of epstopdf for MiKTeX
))
Package caption Info: Begin \AtBeginDocument code.
Package caption Info: hyperref package is loaded.
Package caption Info: listings package is loaded.
Package caption Info: End \AtBeginDocument code.
Package hyperref Info: Link coloring OFF on input line 3.
 (main.out) (main.out)
\@outlinefile=\write4
\openout4 = `main.out'.

Package biblatex Info: Trying to load language 'polish'...
Package biblatex Info: ... file 'polish.lbx' found.
 (C:\Users\Azatal\AppData\Local\Programs\MiKTeX\tex/latex/biblatex/lbx\polish.lbx
File: polish.lbx 2025/07/10 v3.21 biblatex localization (PK/MW)
)
Package biblatex Info: Trying to load language 'english'...
Package biblatex Info: ... file 'english.lbx' found.
 (C:\Users\Azatal\AppData\Local\Programs\MiKTeX\tex/latex/biblatex/lbx\english.lbx
File: english.lbx 2025/07/10 v3.21 biblatex localization (PK/MW)
)
Package biblatex Info: Input encoding 'utf8' detected.
Package biblatex Info: Automatic encoding selection.
(biblatex)             Assuming data encoding 'utf8'.
\openout3 = `main.bcf'.

Package biblatex Info: Trying to load bibliographic data...
Package biblatex Info: ... file 'main.bbl' found.
 (main.bbl)
Package biblatex Info: Reference section=0 on input line 3.
Package biblatex Info: Reference segment=0 on input line 3.
\c@lstlisting=\count476
 (chapters/titlepage.tex [1

{C:/Users/Azatal/AppData/Local/MiKTeX/fonts/map/pdftex/pdftex.map}{C:/Users/Azatal/AppData/Local/Programs/MiKTeX/fonts/enc/dvips/lm/lm-ec.enc}]) (main.toc
LaTeX Font Info:    Trying to load font information for OT1+lmr on input line 4.
 (C:\Users\Azatal\AppData\Local\Programs\MiKTeX\tex/latex/lm\ot1lmr.fd
File: ot1lmr.fd 2015/05/01 v1.6.1 Font defs for Latin Modern
)
LaTeX Font Info:    Trying to load font information for OML+lmm on input line 4.
 (C:\Users\Azatal\AppData\Local\Programs\MiKTeX\tex/latex/lm\omllmm.fd
File: omllmm.fd 2015/05/01 v1.6.1 Font defs for Latin Modern
)
LaTeX Font Info:    Trying to load font information for OMS+lmsy on input line 4.
 (C:\Users\Azatal\AppData\Local\Programs\MiKTeX\tex/latex/lm\omslmsy.fd
File: omslmsy.fd 2015/05/01 v1.6.1 Font defs for Latin Modern
)
LaTeX Font Info:    Trying to load font information for OMX+lmex on input line 4.
 (C:\Users\Azatal\AppData\Local\Programs\MiKTeX\tex/latex/lm\omxlmex.fd
File: omxlmex.fd 2015/05/01 v1.6.1 Font defs for Latin Modern
)
LaTeX Font Info:    External font `lmex10' loaded for size
(Font)              <12> on input line 4.
LaTeX Font Info:    External font `lmex10' loaded for size
(Font)              <8> on input line 4.
LaTeX Font Info:    External font `lmex10' loaded for size
(Font)              <6> on input line 4.
LaTeX Font Info:    Trying to load font information for U+msa on input line 4.
 (C:\Users\Azatal\AppData\Local\Programs\MiKTeX\tex/latex/amsfonts\umsa.fd
File: umsa.fd 2013/01/14 v3.01 AMS symbols A
)
LaTeX Font Info:    Trying to load font information for U+msb on input line 4.
 (C:\Users\Azatal\AppData\Local\Programs\MiKTeX\tex/latex/amsfonts\umsb.fd
File: umsb.fd 2013/01/14 v3.01 AMS symbols B
)
pdfTeX warning (ext4): destination with the same identifier (name{page.1}) has been already used, duplicate ignored
<to be read again> 
                   \relax 
l.40 ...perimental Comparison}{28}{subsection.3.8}
                                                  % [1])
\tf@toc=\write5
\openout5 = `main.toc'.

 [2] (chapters/chapter1.tex
LaTeX Font Info:    Trying to load font information for TS1+lmr on input line 10.
 (C:\Users\Azatal\AppData\Local\Programs\MiKTeX\tex/latex/lm\ts1lmr.fd
File: ts1lmr.fd 2015/05/01 v1.6.1 Font defs for Latin Modern
) [3{C:/Users/Azatal/AppData/Local/Programs/MiKTeX/fonts/enc/dvips/lm/lm-ts1.enc}{C:/Users/Azatal/AppData/Local/Programs/MiKTeX/fonts/enc/dvips/lm/lm-mathit.enc}{C:/Users/Azatal/AppData/Local/Programs/MiKTeX/fonts/enc/dvips/lm/lm-rm.enc}{C:/Users/Azatal/AppData/Local/Programs/MiKTeX/fonts/enc/dvips/lm/lm-mathsy.enc}] [4]
LaTeX Font Info:    Trying to load font information for T1+lmtt on input line 98.
 (C:\Users\Azatal\AppData\Local\Programs\MiKTeX\tex/latex/lm\t1lmtt.fd
File: t1lmtt.fd 2015/05/01 v1.6.1 Font defs for Latin Modern
) [5]
Package hyperref Info: bookmark level for unknown lstlisting defaults to 0 on input line 116.
 (codes/RandomConcept.cpp
LaTeX Font Info:    Font shape `T1/lmtt/bx/n' in size <10.95> not available
(Font)              Font shape `T1/lmtt/b/n' tried instead on input line 1.
)) [6] (chapters/chapter2.tex [7]
LaTeX Font Info:    External font `lmex10' loaded for size
(Font)              <10.95> on input line 54.
 (codes/lcg/lcg_next.cpp) [8] [9]

pdfTeX warning: pdflatex (file ./figures/lcg/good/lcg_good_hull_dobell_31bit_histogram.pdf): PDF inclusion: found PDF version <1.7>, but at most version <1.5> allowed
<figures/lcg/good/lcg_good_hull_dobell_31bit_histogram.pdf, id=437, 677.53125pt x 391.4625pt>
File: figures/lcg/good/lcg_good_hull_dobell_31bit_histogram.pdf Graphic file (type pdf)
<use figures/lcg/good/lcg_good_hull_dobell_31bit_histogram.pdf>
Package pdftex.def Info: figures/lcg/good/lcg_good_hull_dobell_31bit_histogram.pdf  used on input line 143.
(pdftex.def)             Requested size: 218.51521pt x 126.25015pt.


pdfTeX warning: pdflatex (file ./figures/lcg/good/lcg_good_hull_dobell_31bit_bit_ratio.pdf): PDF inclusion: found PDF version <1.7>, but at most version <1.5> allowed
<figures/lcg/good/lcg_good_hull_dobell_31bit_bit_ratio.pdf, id=438, 406.51875pt x 316.18124pt>
File: figures/lcg/good/lcg_good_hull_dobell_31bit_bit_ratio.pdf Graphic file (type pdf)
<use figures/lcg/good/lcg_good_hull_dobell_31bit_bit_ratio.pdf>
Package pdftex.def Info: figures/lcg/good/lcg_good_hull_dobell_31bit_bit_ratio.pdf  used on input line 144.
(pdftex.def)             Requested size: 218.51521pt x 169.95375pt.


pdfTeX warning: pdflatex (file ./figures/lcg/good/lcg_good_hull_dobell_31bit_sequence.pdf): PDF inclusion: found PDF version <1.7>, but at most version <1.5> allowed
<figures/lcg/good/lcg_good_hull_dobell_31bit_sequence.pdf, id=439, 692.5875pt x 391.4625pt>
File: figures/lcg/good/lcg_good_hull_dobell_31bit_sequence.pdf Graphic file (type pdf)
<use figures/lcg/good/lcg_good_hull_dobell_31bit_sequence.pdf>
Package pdftex.def Info: figures/lcg/good/lcg_good_hull_dobell_31bit_sequence.pdf  used on input line 151.
(pdftex.def)             Requested size: 218.51521pt x 123.50845pt.


pdfTeX warning: pdflatex (file ./figures/lcg/good/lcg_good_hull_dobell_31bit_successive_values.pdf): PDF inclusion: found PDF version <1.7>, but at most version <1.5> allowed
<figures/lcg/good/lcg_good_hull_dobell_31bit_successive_values.pdf, id=440, 542.025pt x 542.025pt>
File: figures/lcg/good/lcg_good_hull_dobell_31bit_successive_values.pdf Graphic file (type pdf)
<use figures/lcg/good/lcg_good_hull_dobell_31bit_successive_values.pdf>
Package pdftex.def Info: figures/lcg/good/lcg_good_hull_dobell_31bit_successive_values.pdf  used on input line 152.
(pdftex.def)             Requested size: 218.51521pt x 218.51817pt.


pdfTeX warning: pdflatex (file ./figures/lcg/bad_large_range/lcg_bad_randu_style_zero_increment_histogram.pdf): PDF inclusion: found PDF version <1.7>, but at most version <1.5> allowed
<figures/lcg/bad_large_range/lcg_bad_randu_style_zero_increment_histogram.pdf, id=443, 677.53125pt x 391.4625pt>
File: figures/lcg/bad_large_range/lcg_bad_randu_style_zero_increment_histogram.pdf Graphic file (type pdf)
<use figures/lcg/bad_large_range/lcg_bad_randu_style_zero_increment_histogram.pdf>
Package pdftex.def Info: figures/lcg/bad_large_range/lcg_bad_randu_style_zero_increment_histogram.pdf  used on input line 161.
(pdftex.def)             Requested size: 218.51521pt x 126.25015pt.


pdfTeX warning: pdflatex (file ./figures/lcg/bad_large_range/lcg_bad_randu_style_zero_increment_bit_ratio.pdf): PDF inclusion: found PDF version <1.7>, but at most version <1.5> allowed
<figures/lcg/bad_large_range/lcg_bad_randu_style_zero_increment_bit_ratio.pdf, id=444, 406.51875pt x 316.18124pt>
File: figures/lcg/bad_large_range/lcg_bad_randu_style_zero_increment_bit_ratio.pdf Graphic file (type pdf)
<use figures/lcg/bad_large_range/lcg_bad_randu_style_zero_increment_bit_ratio.pdf>
Package pdftex.def Info: figures/lcg/bad_large_range/lcg_bad_randu_style_zero_increment_bit_ratio.pdf  used on input line 162.
(pdftex.def)             Requested size: 218.51521pt x 169.95375pt.


pdfTeX warning: pdflatex (file ./figures/lcg/bad_large_range/lcg_bad_randu_style_zero_increment_sequence.pdf): PDF inclusion: found PDF version <1.7>, but at most version <1.5> allowed
<figures/lcg/bad_large_range/lcg_bad_randu_style_zero_increment_sequence.pdf, id=445, 692.5875pt x 391.4625pt>
File: figures/lcg/bad_large_range/lcg_bad_randu_style_zero_increment_sequence.pdf Graphic file (type pdf)
<use figures/lcg/bad_large_range/lcg_bad_randu_style_zero_increment_sequence.pdf>
Package pdftex.def Info: figures/lcg/bad_large_range/lcg_bad_randu_style_zero_increment_sequence.pdf  used on input line 169.
(pdftex.def)             Requested size: 218.51521pt x 123.50845pt.


pdfTeX warning: pdflatex (file ./figures/lcg/bad_large_range/lcg_bad_randu_style_zero_increment_successive_values.pdf): PDF inclusion: found PDF version <1.7>, but at most version <1.5> allowed
<figures/lcg/bad_large_range/lcg_bad_randu_style_zero_increment_successive_values.pdf, id=446, 542.025pt x 542.025pt>
File: figures/lcg/bad_large_range/lcg_bad_randu_style_zero_increment_successive_values.pdf Graphic file (type pdf)
<use figures/lcg/bad_large_range/lcg_bad_randu_style_zero_increment_successive_values.pdf>
Package pdftex.def Info: figures/lcg/bad_large_range/lcg_bad_randu_style_zero_increment_successive_values.pdf  used on input line 170.
(pdftex.def)             Requested size: 218.51521pt x 218.51817pt.


pdfTeX warning: pdflatex (file ./figures/lcg/single_bad_parameter/lcg_single_bad_even_increment_histogram.pdf): PDF inclusion: found PDF version <1.7>, but at most version <1.5> allowed
<figures/lcg/single_bad_parameter/lcg_single_bad_even_increment_histogram.pdf, id=449, 677.53125pt x 391.4625pt>
File: figures/lcg/single_bad_parameter/lcg_single_bad_even_increment_histogram.pdf Graphic file (type pdf)
<use figures/lcg/single_bad_parameter/lcg_single_bad_even_increment_histogram.pdf>
Package pdftex.def Info: figures/lcg/single_bad_parameter/lcg_single_bad_even_increment_histogram.pdf  used on input line 179.
(pdftex.def)             Requested size: 218.51521pt x 126.25015pt.


pdfTeX warning: pdflatex (file ./figures/lcg/single_bad_parameter/lcg_single_bad_even_increment_bit_ratio.pdf): PDF inclusion: found PDF version <1.7>, but at most version <1.5> allowed
<figures/lcg/single_bad_parameter/lcg_single_bad_even_increment_bit_ratio.pdf, id=450, 406.51875pt x 316.18124pt>
File: figures/lcg/single_bad_parameter/lcg_single_bad_even_increment_bit_ratio.pdf Graphic file (type pdf)
<use figures/lcg/single_bad_parameter/lcg_single_bad_even_increment_bit_ratio.pdf>
Package pdftex.def Info: figures/lcg/single_bad_parameter/lcg_single_bad_even_increment_bit_ratio.pdf  used on input line 180.
(pdftex.def)             Requested size: 218.51521pt x 169.95375pt.


pdfTeX warning: pdflatex (file ./figures/lcg/single_bad_parameter/lcg_single_bad_even_increment_sequence.pdf): PDF inclusion: found PDF version <1.7>, but at most version <1.5> allowed
<figures/lcg/single_bad_parameter/lcg_single_bad_even_increment_sequence.pdf, id=451, 692.5875pt x 391.4625pt>
File: figures/lcg/single_bad_parameter/lcg_single_bad_even_increment_sequence.pdf Graphic file (type pdf)
<use figures/lcg/single_bad_parameter/lcg_single_bad_even_increment_sequence.pdf>
Package pdftex.def Info: figures/lcg/single_bad_parameter/lcg_single_bad_even_increment_sequence.pdf  used on input line 187.
(pdftex.def)             Requested size: 218.51521pt x 123.50845pt.


pdfTeX warning: pdflatex (file ./figures/lcg/single_bad_parameter/lcg_single_bad_even_increment_successive_values.pdf): PDF inclusion: found PDF version <1.7>, but at most version <1.5> allowed
<figures/lcg/single_bad_parameter/lcg_single_bad_even_increment_successive_values.pdf, id=452, 542.025pt x 542.025pt>
File: figures/lcg/single_bad_parameter/lcg_single_bad_even_increment_successive_values.pdf Graphic file (type pdf)
<use figures/lcg/single_bad_parameter/lcg_single_bad_even_increment_successive_values.pdf>
Package pdftex.def Info: figures/lcg/single_bad_parameter/lcg_single_bad_even_increment_successive_values.pdf  used on input line 188.
(pdftex.def)             Requested size: 218.51521pt x 218.51817pt.
[10 <./figures/lcg/good/lcg_good_hull_dobell_31bit_histogram.pdf> <./figures/lcg/good/lcg_good_hull_dobell_31bit_bit_ratio.pdf

pdfTeX warning: pdflatex (file ./figures/lcg/good/lcg_good_hull_dobell_31bit_bit_ratio.pdf): PDF inclusion: multiple pdfs with page group included in a single page
> <./figures/lcg/good/lcg_good_hull_dobell_31bit_sequence.pdf

pdfTeX warning: pdflatex (file ./figures/lcg/good/lcg_good_hull_dobell_31bit_sequence.pdf): PDF inclusion: multiple pdfs with page group included in a single page
> <./figures/lcg/good/lcg_good_hull_dobell_31bit_successive_values.pdf

pdfTeX warning: pdflatex (file ./figures/lcg/good/lcg_good_hull_dobell_31bit_successive_values.pdf): PDF inclusion: multiple pdfs with page group included in a single page
>] [11 <./figures/lcg/bad_large_range/lcg_bad_randu_style_zero_increment_histogram.pdf> <./figures/lcg/bad_large_range/lcg_bad_randu_style_zero_increment_bit_ratio.pdf

pdfTeX warning: pdflatex (file ./figures/lcg/bad_large_range/lcg_bad_randu_style_zero_increment_bit_ratio.pdf): PDF inclusion: multiple pdfs with page group included in a single page
> <./figures/lcg/bad_large_range/lcg_bad_randu_style_zero_increment_sequence.pdf

pdfTeX warning: pdflatex (file ./figures/lcg/bad_large_range/lcg_bad_randu_style_zero_increment_sequence.pdf): PDF inclusion: multiple pdfs with page group included in a single page
> <./figures/lcg/bad_large_range/lcg_bad_randu_style_zero_increment_successive_values.pdf

pdfTeX warning: pdflatex (file ./figures/lcg/bad_large_range/lcg_bad_randu_style_zero_increment_successive_values.pdf): PDF inclusion: multiple pdfs with page group included in a single page
> <./figures/lcg/single_bad_parameter/lcg_single_bad_even_increment_histogram.pdf

pdfTeX warning: pdflatex (file ./figures/lcg/single_bad_parameter/lcg_single_bad_even_increment_histogram.pdf): PDF inclusion: multiple pdfs with page group included in a single page
> <./figures/lcg/single_bad_parameter/lcg_single_bad_even_increment_bit_ratio.pdf

pdfTeX warning: pdflatex (file ./figures/lcg/single_bad_parameter/lcg_single_bad_even_increment_bit_ratio.pdf): PDF inclusion: multiple pdfs with page group included in a single page
>] [12 <./figures/lcg/single_bad_parameter/lcg_single_bad_even_increment_sequence.pdf> <./figures/lcg/single_bad_parameter/lcg_single_bad_even_increment_successive_values.pdf

pdfTeX warning: pdflatex (file ./figures/lcg/single_bad_parameter/lcg_single_bad_even_increment_successive_values.pdf): PDF inclusion: multiple pdfs with page group included in a single page
>] (codes/lehmer/lehmer_next.cpp)

pdfTeX warning: pdflatex (file ./figures/lehmer/good/lehmer_good_minstd_prime_modulus_histogram.pdf): PDF inclusion: found PDF version <1.7>, but at most version <1.5> allowed
<figures/lehmer/good/lehmer_good_minstd_prime_modulus_histogram.pdf, id=564, 677.53125pt x 391.4625pt>
File: figures/lehmer/good/lehmer_good_minstd_prime_modulus_histogram.pdf Graphic file (type pdf)
<use figures/lehmer/good/lehmer_good_minstd_prime_modulus_histogram.pdf>
Package pdftex.def Info: figures/lehmer/good/lehmer_good_minstd_prime_modulus_histogram.pdf  used on input line 283.
(pdftex.def)             Requested size: 218.51521pt x 126.25015pt.


pdfTeX warning: pdflatex (file ./figures/lehmer/good/lehmer_good_minstd_prime_modulus_bit_ratio.pdf): PDF inclusion: found PDF version <1.7>, but at most version <1.5> allowed
<figures/lehmer/good/lehmer_good_minstd_prime_modulus_bit_ratio.pdf, id=565, 406.51875pt x 316.18124pt>
File: figures/lehmer/good/lehmer_good_minstd_prime_modulus_bit_ratio.pdf Graphic file (type pdf)
<use figures/lehmer/good/lehmer_good_minstd_prime_modulus_bit_ratio.pdf>
Package pdftex.def Info: figures/lehmer/good/lehmer_good_minstd_prime_modulus_bit_ratio.pdf  used on input line 284.
(pdftex.def)             Requested size: 218.51521pt x 169.95375pt.
[13]

pdfTeX warning: pdflatex (file ./figures/lehmer/good/lehmer_good_minstd_prime_modulus_sequence.pdf): PDF inclusion: found PDF version <1.7>, but at most version <1.5> allowed
<figures/lehmer/good/lehmer_good_minstd_prime_modulus_sequence.pdf, id=578, 692.5875pt x 391.4625pt>
File: figures/lehmer/good/lehmer_good_minstd_prime_modulus_sequence.pdf Graphic file (type pdf)
<use figures/lehmer/good/lehmer_good_minstd_prime_modulus_sequence.pdf>
Package pdftex.def Info: figures/lehmer/good/lehmer_good_minstd_prime_modulus_sequence.pdf  used on input line 291.
(pdftex.def)             Requested size: 218.51521pt x 123.50845pt.


pdfTeX warning: pdflatex (file ./figures/lehmer/good/lehmer_good_minstd_prime_modulus_successive_values.pdf): PDF inclusion: found PDF version <1.7>, but at most version <1.5> allowed
<figures/lehmer/good/lehmer_good_minstd_prime_modulus_successive_values.pdf, id=579, 542.025pt x 542.025pt>
File: figures/lehmer/good/lehmer_good_minstd_prime_modulus_successive_values.pdf Graphic file (type pdf)
<use figures/lehmer/good/lehmer_good_minstd_prime_modulus_successive_values.pdf>
Package pdftex.def Info: figures/lehmer/good/lehmer_good_minstd_prime_modulus_successive_values.pdf  used on input line 292.
(pdftex.def)             Requested size: 218.51521pt x 218.51817pt.


pdfTeX warning: pdflatex (file ./figures/lehmer/bad_large_range/lehmer_bad_minus_one_multiplier_histogram.pdf): PDF inclusion: found PDF version <1.7>, but at most version <1.5> allowed
<figures/lehmer/bad_large_range/lehmer_bad_minus_one_multiplier_histogram.pdf, id=582, 677.53125pt x 391.4625pt>
File: figures/lehmer/bad_large_range/lehmer_bad_minus_one_multiplier_histogram.pdf Graphic file (type pdf)
<use figures/lehmer/bad_large_range/lehmer_bad_minus_one_multiplier_histogram.pdf>
Package pdftex.def Info: figures/lehmer/bad_large_range/lehmer_bad_minus_one_multiplier_histogram.pdf  used on input line 301.
(pdftex.def)             Requested size: 218.51521pt x 126.25015pt.


pdfTeX warning: pdflatex (file ./figures/lehmer/bad_large_range/lehmer_bad_minus_one_multiplier_bit_ratio.pdf): PDF inclusion: found PDF version <1.7>, but at most version <1.5> allowed
<figures/lehmer/bad_large_range/lehmer_bad_minus_one_multiplier_bit_ratio.pdf, id=583, 406.51875pt x 316.18124pt>
File: figures/lehmer/bad_large_range/lehmer_bad_minus_one_multiplier_bit_ratio.pdf Graphic file (type pdf)
<use figures/lehmer/bad_large_range/lehmer_bad_minus_one_multiplier_bit_ratio.pdf>
Package pdftex.def Info: figures/lehmer/bad_large_range/lehmer_bad_minus_one_multiplier_bit_ratio.pdf  used on input line 302.
(pdftex.def)             Requested size: 218.51521pt x 169.95375pt.


pdfTeX warning: pdflatex (file ./figures/lehmer/bad_large_range/lehmer_bad_minus_one_multiplier_sequence.pdf): PDF inclusion: found PDF version <1.7>, but at most version <1.5> allowed
<figures/lehmer/bad_large_range/lehmer_bad_minus_one_multiplier_sequence.pdf, id=584, 692.5875pt x 391.4625pt>
File: figures/lehmer/bad_large_range/lehmer_bad_minus_one_multiplier_sequence.pdf Graphic file (type pdf)
<use figures/lehmer/bad_large_range/lehmer_bad_minus_one_multiplier_sequence.pdf>
Package pdftex.def Info: figures/lehmer/bad_large_range/lehmer_bad_minus_one_multiplier_sequence.pdf  used on input line 309.
(pdftex.def)             Requested size: 218.51521pt x 123.50845pt.


pdfTeX warning: pdflatex (file ./figures/lehmer/bad_large_range/lehmer_bad_minus_one_multiplier_successive_values.pdf): PDF inclusion: found PDF version <1.7>, but at most version <1.5> allowed
<figures/lehmer/bad_large_range/lehmer_bad_minus_one_multiplier_successive_values.pdf, id=585, 542.025pt x 542.025pt>
File: figures/lehmer/bad_large_range/lehmer_bad_minus_one_multiplier_successive_values.pdf Graphic file (type pdf)
<use figures/lehmer/bad_large_range/lehmer_bad_minus_one_multiplier_successive_values.pdf>
Package pdftex.def Info: figures/lehmer/bad_large_range/lehmer_bad_minus_one_multiplier_successive_values.pdf  used on input line 310.
(pdftex.def)             Requested size: 218.51521pt x 218.51817pt.


pdfTeX warning: pdflatex (file ./figures/lehmer/single_bad_parameter/lehmer_single_bad_nonprimitive_multiplier_histogram.pdf): PDF inclusion: found PDF version <1.7>, but at most version <1.5> allowed
<figures/lehmer/single_bad_parameter/lehmer_single_bad_nonprimitive_multiplier_histogram.pdf, id=588, 677.53125pt x 391.4625pt>
File: figures/lehmer/single_bad_parameter/lehmer_single_bad_nonprimitive_multiplier_histogram.pdf Graphic file (type pdf)
<use figures/lehmer/single_bad_parameter/lehmer_single_bad_nonprimitive_multiplier_histogram.pdf>
Package pdftex.def Info: figures/lehmer/single_bad_parameter/lehmer_single_bad_nonprimitive_multiplier_histogram.pdf  used on input line 319.
(pdftex.def)             Requested size: 218.51521pt x 126.25015pt.


pdfTeX warning: pdflatex (file ./figures/lehmer/single_bad_parameter/lehmer_single_bad_nonprimitive_multiplier_bit_ratio.pdf): PDF inclusion: found PDF version <1.7>, but at most version <1.5> allowed
<figures/lehmer/single_bad_parameter/lehmer_single_bad_nonprimitive_multiplier_bit_ratio.pdf, id=589, 406.51875pt x 316.18124pt>
File: figures/lehmer/single_bad_parameter/lehmer_single_bad_nonprimitive_multiplier_bit_ratio.pdf Graphic file (type pdf)
<use figures/lehmer/single_bad_parameter/lehmer_single_bad_nonprimitive_multiplier_bit_ratio.pdf>
Package pdftex.def Info: figures/lehmer/single_bad_parameter/lehmer_single_bad_nonprimitive_multiplier_bit_ratio.pdf  used on input line 320.
(pdftex.def)             Requested size: 218.51521pt x 169.95375pt.


pdfTeX warning: pdflatex (file ./figures/lehmer/single_bad_parameter/lehmer_single_bad_nonprimitive_multiplier_sequence.pdf): PDF inclusion: found PDF version <1.7>, but at most version <1.5> allowed
<figures/lehmer/single_bad_parameter/lehmer_single_bad_nonprimitive_multiplier_sequence.pdf, id=590, 692.5875pt x 391.4625pt>
File: figures/lehmer/single_bad_parameter/lehmer_single_bad_nonprimitive_multiplier_sequence.pdf Graphic file (type pdf)
<use figures/lehmer/single_bad_parameter/lehmer_single_bad_nonprimitive_multiplier_sequence.pdf>
Package pdftex.def Info: figures/lehmer/single_bad_parameter/lehmer_single_bad_nonprimitive_multiplier_sequence.pdf  used on input line 327.
(pdftex.def)             Requested size: 218.51521pt x 123.50845pt.


pdfTeX warning: pdflatex (file ./figures/lehmer/single_bad_parameter/lehmer_single_bad_nonprimitive_multiplier_successive_values.pdf): PDF inclusion: found PDF version <1.7>, but at most version <1.5> allowed
<figures/lehmer/single_bad_parameter/lehmer_single_bad_nonprimitive_multiplier_successive_values.pdf, id=591, 542.025pt x 542.025pt>
File: figures/lehmer/single_bad_parameter/lehmer_single_bad_nonprimitive_multiplier_successive_values.pdf Graphic file (type pdf)
<use figures/lehmer/single_bad_parameter/lehmer_single_bad_nonprimitive_multiplier_successive_values.pdf>
Package pdftex.def Info: figures/lehmer/single_bad_parameter/lehmer_single_bad_nonprimitive_multiplier_successive_values.pdf  used on input line 328.
(pdftex.def)             Requested size: 218.51521pt x 218.51817pt.
[14 <./figures/lehmer/good/lehmer_good_minstd_prime_modulus_histogram.pdf> <./figures/lehmer/good/lehmer_good_minstd_prime_modulus_bit_ratio.pdf

pdfTeX warning: pdflatex (file ./figures/lehmer/good/lehmer_good_minstd_prime_modulus_bit_ratio.pdf): PDF inclusion: multiple pdfs with page group included in a single page
>] [15 <./figures/lehmer/good/lehmer_good_minstd_prime_modulus_sequence.pdf> <./figures/lehmer/good/lehmer_good_minstd_prime_modulus_successive_values.pdf

pdfTeX warning: pdflatex (file ./figures/lehmer/good/lehmer_good_minstd_prime_modulus_successive_values.pdf): PDF inclusion: multiple pdfs with page group included in a single page
> <./figures/lehmer/bad_large_range/lehmer_bad_minus_one_multiplier_histogram.pdf

pdfTeX warning: pdflatex (file ./figures/lehmer/bad_large_range/lehmer_bad_minus_one_multiplier_histogram.pdf): PDF inclusion: multiple pdfs with page group included in a single page
> <./figures/lehmer/bad_large_range/lehmer_bad_minus_one_multiplier_bit_ratio.pdf

pdfTeX warning: pdflatex (file ./figures/lehmer/bad_large_range/lehmer_bad_minus_one_multiplier_bit_ratio.pdf): PDF inclusion: multiple pdfs with page group included in a single page
> <./figures/lehmer/bad_large_range/lehmer_bad_minus_one_multiplier_sequence.pdf

pdfTeX warning: pdflatex (file ./figures/lehmer/bad_large_range/lehmer_bad_minus_one_multiplier_sequence.pdf): PDF inclusion: multiple pdfs with page group included in a single page
> <./figures/lehmer/bad_large_range/lehmer_bad_minus_one_multiplier_successive_values.pdf

pdfTeX warning: pdflatex (file ./figures/lehmer/bad_large_range/lehmer_bad_minus_one_multiplier_successive_values.pdf): PDF inclusion: multiple pdfs with page group included in a single page
>] [16 <./figures/lehmer/single_bad_parameter/lehmer_single_bad_nonprimitive_multiplier_histogram.pdf> <./figures/lehmer/single_bad_parameter/lehmer_single_bad_nonprimitive_multiplier_bit_ratio.pdf

pdfTeX warning: pdflatex (file ./figures/lehmer/single_bad_parameter/lehmer_single_bad_nonprimitive_multiplier_bit_ratio.pdf): PDF inclusion: multiple pdfs with page group included in a single page
> <./figures/lehmer/single_bad_parameter/lehmer_single_bad_nonprimitive_multiplier_sequence.pdf

pdfTeX warning: pdflatex (file ./figures/lehmer/single_bad_parameter/lehmer_single_bad_nonprimitive_multiplier_sequence.pdf): PDF inclusion: multiple pdfs with page group included in a single page
> <./figures/lehmer/single_bad_parameter/lehmer_single_bad_nonprimitive_multiplier_successive_values.pdf

pdfTeX warning: pdflatex (file ./figures/lehmer/single_bad_parameter/lehmer_single_bad_nonprimitive_multiplier_successive_values.pdf): PDF inclusion: multiple pdfs with page group included in a single page
>]) [17] (chapters/chapter3.tex [18] [19] [20] [21]

LaTeX Warning: `h' float specifier changed to `ht'.

[22] (codes/lfsr/lfsr_next.cpp) [23]
<figures/lfsr/good/lfsr_good_16bit_primitive_taps_histogram.pdf, id=749, 578.16pt x 361.35pt>
File: figures/lfsr/good/lfsr_good_16bit_primitive_taps_histogram.pdf Graphic file (type pdf)
<use figures/lfsr/good/lfsr_good_16bit_primitive_taps_histogram.pdf>
Package pdftex.def Info: figures/lfsr/good/lfsr_good_16bit_primitive_taps_histogram.pdf  used on input line 323.
(pdftex.def)             Requested size: 218.51521pt x 136.57007pt.
<figures/lfsr/good/lfsr_good_16bit_primitive_taps_bit_ratio.pdf, id=750, 361.35pt x 289.08pt>
File: figures/lfsr/good/lfsr_good_16bit_primitive_taps_bit_ratio.pdf Graphic file (type pdf)
<use figures/lfsr/good/lfsr_good_16bit_primitive_taps_bit_ratio.pdf>
Package pdftex.def Info: figures/lfsr/good/lfsr_good_16bit_primitive_taps_bit_ratio.pdf  used on input line 324.
(pdftex.def)             Requested size: 218.51521pt x 174.81233pt.
<figures/lfsr/good/lfsr_good_16bit_primitive_taps_sequence.pdf, id=752, 650.43pt x 361.35pt>
File: figures/lfsr/good/lfsr_good_16bit_primitive_taps_sequence.pdf Graphic file (type pdf)
<use figures/lfsr/good/lfsr_good_16bit_primitive_taps_sequence.pdf>
Package pdftex.def Info: figures/lfsr/good/lfsr_good_16bit_primitive_taps_sequence.pdf  used on input line 333.
(pdftex.def)             Requested size: 218.51521pt x 121.39622pt.
<figures/lfsr/good/lfsr_good_16bit_primitive_taps_successive_values.pdf, id=753, 433.62pt x 433.62pt>
File: figures/lfsr/good/lfsr_good_16bit_primitive_taps_successive_values.pdf Graphic file (type pdf)
<use figures/lfsr/good/lfsr_good_16bit_primitive_taps_successive_values.pdf>
Package pdftex.def Info: figures/lfsr/good/lfsr_good_16bit_primitive_taps_successive_values.pdf  used on input line 334.
(pdftex.def)             Requested size: 218.51521pt x 218.51653pt.
<figures/lfsr/bad_large_range/lfsr_bad_32bit_single_tap_histogram.pdf, id=755, 578.16pt x 361.35pt>
File: figures/lfsr/bad_large_range/lfsr_bad_32bit_single_tap_histogram.pdf Graphic file (type pdf)
<use figures/lfsr/bad_large_range/lfsr_bad_32bit_single_tap_histogram.pdf>
Package pdftex.def Info: figures/lfsr/bad_large_range/lfsr_bad_32bit_single_tap_histogram.pdf  used on input line 343.
(pdftex.def)             Requested size: 218.51521pt x 136.57007pt.
<figures/lfsr/bad_large_range/lfsr_bad_32bit_single_tap_bit_ratio.pdf, id=756, 361.35pt x 289.08pt>
File: figures/lfsr/bad_large_range/lfsr_bad_32bit_single_tap_bit_ratio.pdf Graphic file (type pdf)
<use figures/lfsr/bad_large_range/lfsr_bad_32bit_single_tap_bit_ratio.pdf>
Package pdftex.def Info: figures/lfsr/bad_large_range/lfsr_bad_32bit_single_tap_bit_ratio.pdf  used on input line 344.
(pdftex.def)             Requested size: 218.51521pt x 174.81233pt.
<figures/lfsr/bad_large_range/lfsr_bad_32bit_single_tap_sequence.pdf, id=758, 650.43pt x 361.35pt>
File: figures/lfsr/bad_large_range/lfsr_bad_32bit_single_tap_sequence.pdf Graphic file (type pdf)
<use figures/lfsr/bad_large_range/lfsr_bad_32bit_single_tap_sequence.pdf>
Package pdftex.def Info: figures/lfsr/bad_large_range/lfsr_bad_32bit_single_tap_sequence.pdf  used on input line 353.
(pdftex.def)             Requested size: 218.51521pt x 121.39622pt.
<figures/lfsr/bad_large_range/lfsr_bad_32bit_single_tap_successive_values.pdf, id=759, 433.62pt x 433.62pt>
File: figures/lfsr/bad_large_range/lfsr_bad_32bit_single_tap_successive_values.pdf Graphic file (type pdf)
<use figures/lfsr/bad_large_range/lfsr_bad_32bit_single_tap_successive_values.pdf>
Package pdftex.def Info: figures/lfsr/bad_large_range/lfsr_bad_32bit_single_tap_successive_values.pdf  used on input line 354.
(pdftex.def)             Requested size: 218.51521pt x 218.51653pt.
 [24] [25 <./figures/lfsr/good/lfsr_good_16bit_primitive_taps_histogram.pdf> <./figures/lfsr/good/lfsr_good_16bit_primitive_taps_bit_ratio.pdf> <./figures/lfsr/good/lfsr_good_16bit_primitive_taps_sequence.pdf> <./figures/lfsr/good/lfsr_good_16bit_primitive_taps_successive_values.pdf> <./figures/lfsr/bad_large_range/lfsr_bad_32bit_single_tap_histogram.pdf> <./figures/lfsr/bad_large_range/lfsr_bad_32bit_single_tap_bit_ratio.pdf>]
<figures/lfsr/single_bad_parameter/lfsr_single_bad_16bit_single_tap_histogram.pdf, id=988, 578.16pt x 361.35pt>
File: figures/lfsr/single_bad_parameter/lfsr_single_bad_16bit_single_tap_histogram.pdf Graphic file (type pdf)
<use figures/lfsr/single_bad_parameter/lfsr_single_bad_16bit_single_tap_histogram.pdf>
Package pdftex.def Info: figures/lfsr/single_bad_parameter/lfsr_single_bad_16bit_single_tap_histogram.pdf  used on input line 363.
(pdftex.def)             Requested size: 218.51521pt x 136.57007pt.
<figures/lfsr/single_bad_parameter/lfsr_single_bad_16bit_single_tap_bit_ratio.pdf, id=989, 361.35pt x 289.08pt>
File: figures/lfsr/single_bad_parameter/lfsr_single_bad_16bit_single_tap_bit_ratio.pdf Graphic file (type pdf)
<use figures/lfsr/single_bad_parameter/lfsr_single_bad_16bit_single_tap_bit_ratio.pdf>
Package pdftex.def Info: figures/lfsr/single_bad_parameter/lfsr_single_bad_16bit_single_tap_bit_ratio.pdf  used on input line 364.
(pdftex.def)             Requested size: 218.51521pt x 174.81233pt.
<figures/lfsr/single_bad_parameter/lfsr_single_bad_16bit_single_tap_sequence.pdf, id=991, 650.43pt x 361.35pt>
File: figures/lfsr/single_bad_parameter/lfsr_single_bad_16bit_single_tap_sequence.pdf Graphic file (type pdf)
<use figures/lfsr/single_bad_parameter/lfsr_single_bad_16bit_single_tap_sequence.pdf>
Package pdftex.def Info: figures/lfsr/single_bad_parameter/lfsr_single_bad_16bit_single_tap_sequence.pdf  used on input line 373.
(pdftex.def)             Requested size: 218.51521pt x 121.39622pt.
<figures/lfsr/single_bad_parameter/lfsr_single_bad_16bit_single_tap_successive_values.pdf, id=992, 433.62pt x 433.62pt>
File: figures/lfsr/single_bad_parameter/lfsr_single_bad_16bit_single_tap_successive_values.pdf Graphic file (type pdf)
<use figures/lfsr/single_bad_parameter/lfsr_single_bad_16bit_single_tap_successive_values.pdf>
Package pdftex.def Info: figures/lfsr/single_bad_parameter/lfsr_single_bad_16bit_single_tap_successive_values.pdf  used on input line 374.
(pdftex.def)             Requested size: 218.51521pt x 218.51653pt.
 [26 <./figures/lfsr/bad_large_range/lfsr_bad_32bit_single_tap_sequence.pdf> <./figures/lfsr/bad_large_range/lfsr_bad_32bit_single_tap_successive_values.pdf> <./figures/lfsr/single_bad_parameter/lfsr_single_bad_16bit_single_tap_histogram.pdf> <./figures/lfsr/single_bad_parameter/lfsr_single_bad_16bit_single_tap_bit_ratio.pdf>] (codes/lfg/lagged_fibonacci_next.cpp) [27 <./figures/lfsr/single_bad_parameter/lfsr_single_bad_16bit_single_tap_sequence.pdf> <./figures/lfsr/single_bad_parameter/lfsr_single_bad_16bit_single_tap_successive_values.pdf>]
<figures/lfg/good/lfg_good_24_55_additive_histogram.pdf, id=1244, 578.16pt x 361.35pt>
File: figures/lfg/good/lfg_good_24_55_additive_histogram.pdf Graphic file (type pdf)
<use figures/lfg/good/lfg_good_24_55_additive_histogram.pdf>
Package pdftex.def Info: figures/lfg/good/lfg_good_24_55_additive_histogram.pdf  used on input line 450.
(pdftex.def)             Requested size: 218.51521pt x 136.57007pt.
<figures/lfg/good/lfg_good_24_55_additive_bit_ratio.pdf, id=1245, 361.35pt x 289.08pt>
File: figures/lfg/good/lfg_good_24_55_additive_bit_ratio.pdf Graphic file (type pdf)
<use figures/lfg/good/lfg_good_24_55_additive_bit_ratio.pdf>
Package pdftex.def Info: figures/lfg/good/lfg_good_24_55_additive_bit_ratio.pdf  used on input line 451.
(pdftex.def)             Requested size: 218.51521pt x 174.81233pt.
<figures/lfg/good/lfg_good_24_55_additive_sequence.pdf, id=1247, 650.43pt x 361.35pt>
File: figures/lfg/good/lfg_good_24_55_additive_sequence.pdf Graphic file (type pdf)
<use figures/lfg/good/lfg_good_24_55_additive_sequence.pdf>
Package pdftex.def Info: figures/lfg/good/lfg_good_24_55_additive_sequence.pdf  used on input line 460.
(pdftex.def)             Requested size: 218.51521pt x 121.39622pt.
<figures/lfg/good/lfg_good_24_55_additive_successive_values.pdf, id=1248, 433.62pt x 433.62pt>
File: figures/lfg/good/lfg_good_24_55_additive_successive_values.pdf Graphic file (type pdf)
<use figures/lfg/good/lfg_good_24_55_additive_successive_values.pdf>
Package pdftex.def Info: figures/lfg/good/lfg_good_24_55_additive_successive_values.pdf  used on input line 461.
(pdftex.def)             Requested size: 218.51521pt x 218.51653pt.
 [28] [29 <./figures/lfg/good/lfg_good_24_55_additive_histogram.pdf> <./figures/lfg/good/lfg_good_24_55_additive_bit_ratio.pdf> <./figures/lfg/good/lfg_good_24_55_additive_sequence.pdf> <./figures/lfg/good/lfg_good_24_55_additive_successive_values.pdf>]
<figures/lfg/bad_large_range/lfg_bad_short_lags_1_2_histogram.pdf, id=1402, 578.16pt x 361.35pt>
File: figures/lfg/bad_large_range/lfg_bad_short_lags_1_2_histogram.pdf Graphic file (type pdf)
<use figures/lfg/bad_large_range/lfg_bad_short_lags_1_2_histogram.pdf>
Package pdftex.def Info: figures/lfg/bad_large_range/lfg_bad_short_lags_1_2_histogram.pdf  used on input line 470.
(pdftex.def)             Requested size: 218.51521pt x 136.57007pt.
<figures/lfg/bad_large_range/lfg_bad_short_lags_1_2_bit_ratio.pdf, id=1403, 361.35pt x 289.08pt>
File: figures/lfg/bad_large_range/lfg_bad_short_lags_1_2_bit_ratio.pdf Graphic file (type pdf)
<use figures/lfg/bad_large_range/lfg_bad_short_lags_1_2_bit_ratio.pdf>
Package pdftex.def Info: figures/lfg/bad_large_range/lfg_bad_short_lags_1_2_bit_ratio.pdf  used on input line 471.
(pdftex.def)             Requested size: 218.51521pt x 174.81233pt.
<figures/lfg/bad_large_range/lfg_bad_short_lags_1_2_sequence.pdf, id=1405, 650.43pt x 361.35pt>
File: figures/lfg/bad_large_range/lfg_bad_short_lags_1_2_sequence.pdf Graphic file (type pdf)
<use figures/lfg/bad_large_range/lfg_bad_short_lags_1_2_sequence.pdf>
Package pdftex.def Info: figures/lfg/bad_large_range/lfg_bad_short_lags_1_2_sequence.pdf  used on input line 480.
(pdftex.def)             Requested size: 218.51521pt x 121.39622pt.
<figures/lfg/bad_large_range/lfg_bad_short_lags_1_2_successive_values.pdf, id=1406, 433.62pt x 433.62pt>
File: figures/lfg/bad_large_range/lfg_bad_short_lags_1_2_successive_values.pdf Graphic file (type pdf)
<use figures/lfg/bad_large_range/lfg_bad_short_lags_1_2_successive_values.pdf>
Package pdftex.def Info: figures/lfg/bad_large_range/lfg_bad_short_lags_1_2_successive_values.pdf  used on input line 481.
(pdftex.def)             Requested size: 218.51521pt x 218.51653pt.
<figures/lfg/single_bad_parameter/lfg_single_bad_constant_state_histogram.pdf, id=1408, 578.16pt x 361.35pt>
File: figures/lfg/single_bad_parameter/lfg_single_bad_constant_state_histogram.pdf Graphic file (type pdf)
<use figures/lfg/single_bad_parameter/lfg_single_bad_constant_state_histogram.pdf>
Package pdftex.def Info: figures/lfg/single_bad_parameter/lfg_single_bad_constant_state_histogram.pdf  used on input line 490.
(pdftex.def)             Requested size: 218.51521pt x 136.57007pt.
<figures/lfg/single_bad_parameter/lfg_single_bad_constant_state_bit_ratio.pdf, id=1409, 361.35pt x 289.08pt>
File: figures/lfg/single_bad_parameter/lfg_single_bad_constant_state_bit_ratio.pdf Graphic file (type pdf)
<use figures/lfg/single_bad_parameter/lfg_single_bad_constant_state_bit_ratio.pdf>
Package pdftex.def Info: figures/lfg/single_bad_parameter/lfg_single_bad_constant_state_bit_ratio.pdf  used on input line 491.
(pdftex.def)             Requested size: 218.51521pt x 174.81233pt.
<figures/lfg/single_bad_parameter/lfg_single_bad_constant_state_sequence.pdf, id=1411, 650.43pt x 361.35pt>
File: figures/lfg/single_bad_parameter/lfg_single_bad_constant_state_sequence.pdf Graphic file (type pdf)
<use figures/lfg/single_bad_parameter/lfg_single_bad_constant_state_sequence.pdf>
Package pdftex.def Info: figures/lfg/single_bad_parameter/lfg_single_bad_constant_state_sequence.pdf  used on input line 500.
(pdftex.def)             Requested size: 218.51521pt x 121.39622pt.
<figures/lfg/single_bad_parameter/lfg_single_bad_constant_state_successive_values.pdf, id=1412, 433.62pt x 433.62pt>
File: figures/lfg/single_bad_parameter/lfg_single_bad_constant_state_successive_values.pdf Graphic file (type pdf)
<use figures/lfg/single_bad_parameter/lfg_single_bad_constant_state_successive_values.pdf>
Package pdftex.def Info: figures/lfg/single_bad_parameter/lfg_single_bad_constant_state_successive_values.pdf  used on input line 501.
(pdftex.def)             Requested size: 218.51521pt x 218.51653pt.
) [30 <./figures/lfg/bad_large_range/lfg_bad_short_lags_1_2_histogram.pdf> <./figures/lfg/bad_large_range/lfg_bad_short_lags_1_2_bit_ratio.pdf> <./figures/lfg/bad_large_range/lfg_bad_short_lags_1_2_sequence.pdf> <./figures/lfg/bad_large_range/lfg_bad_short_lags_1_2_successive_values.pdf>] [31 <./figures/lfg/single_bad_parameter/lfg_single_bad_constant_state_histogram.pdf> <./figures/lfg/single_bad_parameter/lfg_single_bad_constant_state_bit_ratio.pdf> <./figures/lfg/single_bad_parameter/lfg_single_bad_constant_state_sequence.pdf> <./figures/lfg/single_bad_parameter/lfg_single_bad_constant_state_successive_values.pdf>] [32] (chapters/chapter4.tex
Overfull \hbox (0.43987pt too wide) in paragraph at lines 2--2
[]\T1/lmr/bx/n/17.28 The Mersenne Twister: High-Dimensional Equidis-
 []

[33{C:/Users/Azatal/AppData/Local/Programs/MiKTeX/fonts/enc/dvips/lm/lm-mathex.enc}] [34] [35] (codes/mersenne_twister/mt19937_next.cpp) [36] (codes/mersenne_twister/mt19937_no_tempering_next.cpp) (codes/mersenne_twister/mt19937_bad_twist_next.cpp) [37]
<figures/mersenne_twister/good/mt19937_good_histogram.pdf, id=1789, 578.16pt x 361.35pt>
File: figures/mersenne_twister/good/mt19937_good_histogram.pdf Graphic file (type pdf)
<use figures/mersenne_twister/good/mt19937_good_histogram.pdf>
Package pdftex.def Info: figures/mersenne_twister/good/mt19937_good_histogram.pdf  used on input line 190.
(pdftex.def)             Requested size: 218.51521pt x 136.57007pt.
<figures/mersenne_twister/good/mt19937_good_bit_ratio.pdf, id=1790, 361.35pt x 289.08pt>
File: figures/mersenne_twister/good/mt19937_good_bit_ratio.pdf Graphic file (type pdf)
<use figures/mersenne_twister/good/mt19937_good_bit_ratio.pdf>
Package pdftex.def Info: figures/mersenne_twister/good/mt19937_good_bit_ratio.pdf  used on input line 191.
(pdftex.def)             Requested size: 218.51521pt x 174.81233pt.
<figures/mersenne_twister/good/mt19937_good_sequence.pdf, id=1792, 650.43pt x 361.35pt>
File: figures/mersenne_twister/good/mt19937_good_sequence.pdf Graphic file (type pdf)
<use figures/mersenne_twister/good/mt19937_good_sequence.pdf>
Package pdftex.def Info: figures/mersenne_twister/good/mt19937_good_sequence.pdf  used on input line 200.
(pdftex.def)             Requested size: 218.51521pt x 121.39622pt.
<figures/mersenne_twister/good/mt19937_good_successive_values.pdf, id=1793, 505.89pt x 505.89pt>
File: figures/mersenne_twister/good/mt19937_good_successive_values.pdf Graphic file (type pdf)
<use figures/mersenne_twister/good/mt19937_good_successive_values.pdf>
Package pdftex.def Info: figures/mersenne_twister/good/mt19937_good_successive_values.pdf  used on input line 201.
(pdftex.def)             Requested size: 218.51521pt x 218.51651pt.
<figures/mersenne_twister/single_bad_parameter/mt19937_no_tempering_histogram.pdf, id=1795, 578.16pt x 361.35pt>
File: figures/mersenne_twister/single_bad_parameter/mt19937_no_tempering_histogram.pdf Graphic file (type pdf)
<use figures/mersenne_twister/single_bad_parameter/mt19937_no_tempering_histogram.pdf>
Package pdftex.def Info: figures/mersenne_twister/single_bad_parameter/mt19937_no_tempering_histogram.pdf  used on input line 210.
(pdftex.def)             Requested size: 218.51521pt x 136.57007pt.
<figures/mersenne_twister/single_bad_parameter/mt19937_no_tempering_bit_ratio.pdf, id=1796, 361.35pt x 289.08pt>
File: figures/mersenne_twister/single_bad_parameter/mt19937_no_tempering_bit_ratio.pdf Graphic file (type pdf)
<use figures/mersenne_twister/single_bad_parameter/mt19937_no_tempering_bit_ratio.pdf>
Package pdftex.def Info: figures/mersenne_twister/single_bad_parameter/mt19937_no_tempering_bit_ratio.pdf  used on input line 211.
(pdftex.def)             Requested size: 218.51521pt x 174.81233pt.
 [38] [39 <./figures/mersenne_twister/good/mt19937_good_histogram.pdf> <./figures/mersenne_twister/good/mt19937_good_bit_ratio.pdf> <./figures/mersenne_twister/good/mt19937_good_sequence.pdf> <./figures/mersenne_twister/good/mt19937_good_successive_values.pdf> <./figures/mersenne_twister/single_bad_parameter/mt19937_no_tempering_histogram.pdf> <./figures/mersenne_twister/single_bad_parameter/mt19937_no_tempering_bit_ratio.pdf>]
<figures/mersenne_twister/single_bad_parameter/mt19937_no_tempering_sequence.pdf, id=2017, 650.43pt x 361.35pt>
File: figures/mersenne_twister/single_bad_parameter/mt19937_no_tempering_sequence.pdf Graphic file (type pdf)
<use figures/mersenne_twister/single_bad_parameter/mt19937_no_tempering_sequence.pdf>
Package pdftex.def Info: figures/mersenne_twister/single_bad_parameter/mt19937_no_tempering_sequence.pdf  used on input line 220.
(pdftex.def)             Requested size: 218.51521pt x 121.39622pt.
<figures/mersenne_twister/single_bad_parameter/mt19937_no_tempering_successive_values.pdf, id=2018, 505.89pt x 505.89pt>
File: figures/mersenne_twister/single_bad_parameter/mt19937_no_tempering_successive_values.pdf Graphic file (type pdf)
<use figures/mersenne_twister/single_bad_parameter/mt19937_no_tempering_successive_values.pdf>
Package pdftex.def Info: figures/mersenne_twister/single_bad_parameter/mt19937_no_tempering_successive_values.pdf  used on input line 221.
(pdftex.def)             Requested size: 218.51521pt x 218.51651pt.
<figures/mersenne_twister/bad_large_range/mt19937_bad_twist_histogram.pdf, id=2020, 578.16pt x 361.35pt>
File: figures/mersenne_twister/bad_large_range/mt19937_bad_twist_histogram.pdf Graphic file (type pdf)
<use figures/mersenne_twister/bad_large_range/mt19937_bad_twist_histogram.pdf>
Package pdftex.def Info: figures/mersenne_twister/bad_large_range/mt19937_bad_twist_histogram.pdf  used on input line 230.
(pdftex.def)             Requested size: 218.51521pt x 136.57007pt.
<figures/mersenne_twister/bad_large_range/mt19937_bad_twist_bit_ratio.pdf, id=2021, 361.35pt x 289.08pt>
File: figures/mersenne_twister/bad_large_range/mt19937_bad_twist_bit_ratio.pdf Graphic file (type pdf)
<use figures/mersenne_twister/bad_large_range/mt19937_bad_twist_bit_ratio.pdf>
Package pdftex.def Info: figures/mersenne_twister/bad_large_range/mt19937_bad_twist_bit_ratio.pdf  used on input line 231.
(pdftex.def)             Requested size: 218.51521pt x 174.81233pt.
<figures/mersenne_twister/bad_large_range/mt19937_bad_twist_sequence.pdf, id=2023, 650.43pt x 361.35pt>
File: figures/mersenne_twister/bad_large_range/mt19937_bad_twist_sequence.pdf Graphic file (type pdf)
<use figures/mersenne_twister/bad_large_range/mt19937_bad_twist_sequence.pdf>
Package pdftex.def Info: figures/mersenne_twister/bad_large_range/mt19937_bad_twist_sequence.pdf  used on input line 240.
(pdftex.def)             Requested size: 218.51521pt x 121.39622pt.
<figures/mersenne_twister/bad_large_range/mt19937_bad_twist_successive_values.pdf, id=2024, 505.89pt x 505.89pt>
File: figures/mersenne_twister/bad_large_range/mt19937_bad_twist_successive_values.pdf Graphic file (type pdf)
<use figures/mersenne_twister/bad_large_range/mt19937_bad_twist_successive_values.pdf>
Package pdftex.def Info: figures/mersenne_twister/bad_large_range/mt19937_bad_twist_successive_values.pdf  used on input line 241.
(pdftex.def)             Requested size: 218.51521pt x 218.51651pt.
) [40 <./figures/mersenne_twister/single_bad_parameter/mt19937_no_tempering_sequence.pdf> <./figures/mersenne_twister/single_bad_parameter/mt19937_no_tempering_successive_values.pdf> <./figures/mersenne_twister/bad_large_range/mt19937_bad_twist_histogram.pdf> <./figures/mersenne_twister/bad_large_range/mt19937_bad_twist_bit_ratio.pdf>] [41 <./figures/mersenne_twister/bad_large_range/mt19937_bad_twist_sequence.pdf> <./figures/mersenne_twister/bad_large_range/mt19937_bad_twist_successive_values.pdf>] (chapters/chapter5.tex [42]
Overfull \hbox (5.32043pt too wide) in paragraph at lines 37--38
[]\T1/lmr/bx/n/12 Xorshift*: \T1/lmr/m/n/12 Ap-pends a mod-u-lar mul-ti-pli-ca-tion scram-bler, $\OML/lmm/m/it/12 y[] \OMS/lmsy/m/n/12 ^^Q \OT1/lmr/m/n/12 (\OT1/lmr/bx/n/12 x[] \OMS/lmsy/m/n/12 ^^A \OML/lmm/m/it/12 M[]\OT1/lmr/m/n/12 )([]2[])$\T1/lmr/m/n/12 ,
 []

(codes/xorshift/xorshift32_next.cpp) (codes/xorshift/xorshift_star64_next.cpp [43])
<figures/xorshift/good/xorshift_good_histogram.pdf, id=2294, 505.89pt x 346.89601pt>
File: figures/xorshift/good/xorshift_good_histogram.pdf Graphic file (type pdf)
<use figures/xorshift/good/xorshift_good_histogram.pdf>
Package pdftex.def Info: figures/xorshift/good/xorshift_good_histogram.pdf  used on input line 109.
(pdftex.def)             Requested size: 218.51521pt x 149.8399pt.
<figures/xorshift/good/xorshift_good_bit_ratio.pdf, id=2295, 397.485pt x 325.215pt>
File: figures/xorshift/good/xorshift_good_bit_ratio.pdf Graphic file (type pdf)
<use figures/xorshift/good/xorshift_good_bit_ratio.pdf>
Package pdftex.def Info: figures/xorshift/good/xorshift_good_bit_ratio.pdf  used on input line 110.
(pdftex.def)             Requested size: 218.51521pt x 178.7894pt.
<figures/xorshift/good/xorshift_good_sequence.pdf, id=2297, 578.16pt x 346.89601pt>
File: figures/xorshift/good/xorshift_good_sequence.pdf Graphic file (type pdf)
<use figures/xorshift/good/xorshift_good_sequence.pdf>
Package pdftex.def Info: figures/xorshift/good/xorshift_good_sequence.pdf  used on input line 119.
(pdftex.def)             Requested size: 218.51521pt x 131.10727pt.
<figures/xorshift/good/xorshift_good_successive_values.pdf, id=2298, 419.166pt x 419.166pt>
File: figures/xorshift/good/xorshift_good_successive_values.pdf Graphic file (type pdf)
<use figures/xorshift/good/xorshift_good_successive_values.pdf>
Package pdftex.def Info: figures/xorshift/good/xorshift_good_successive_values.pdf  used on input line 120.
(pdftex.def)             Requested size: 218.51521pt x 218.51762pt.
<figures/xorshift/bad_large_range/xorshift_bad_large_range_histogram.pdf, id=2300, 505.89pt x 346.89601pt>
File: figures/xorshift/bad_large_range/xorshift_bad_large_range_histogram.pdf Graphic file (type pdf)
<use figures/xorshift/bad_large_range/xorshift_bad_large_range_histogram.pdf>
Package pdftex.def Info: figures/xorshift/bad_large_range/xorshift_bad_large_range_histogram.pdf  used on input line 129.
(pdftex.def)             Requested size: 218.51521pt x 149.8399pt.
<figures/xorshift/bad_large_range/xorshift_bad_large_range_bit_ratio.pdf, id=2301, 397.485pt x 325.215pt>
File: figures/xorshift/bad_large_range/xorshift_bad_large_range_bit_ratio.pdf Graphic file (type pdf)
<use figures/xorshift/bad_large_range/xorshift_bad_large_range_bit_ratio.pdf>
Package pdftex.def Info: figures/xorshift/bad_large_range/xorshift_bad_large_range_bit_ratio.pdf  used on input line 130.
(pdftex.def)             Requested size: 218.51521pt x 178.7894pt.
<figures/xorshift/single_bad_parameter/xorshift_single_bad_parameter_histogram.pdf, id=2303, 505.89pt x 346.89601pt>
File: figures/xorshift/single_bad_parameter/xorshift_single_bad_parameter_histogram.pdf Graphic file (type pdf)
<use figures/xorshift/single_bad_parameter/xorshift_single_bad_parameter_histogram.pdf>
Package pdftex.def Info: figures/xorshift/single_bad_parameter/xorshift_single_bad_parameter_histogram.pdf  used on input line 139.
(pdftex.def)             Requested size: 218.51521pt x 149.8399pt.
<figures/xorshift/single_bad_parameter/xorshift_single_bad_parameter_bit_ratio.pdf, id=2304, 397.485pt x 325.215pt>
File: figures/xorshift/single_bad_parameter/xorshift_single_bad_parameter_bit_ratio.pdf Graphic file (type pdf)
<use figures/xorshift/single_bad_parameter/xorshift_single_bad_parameter_bit_ratio.pdf>
Package pdftex.def Info: figures/xorshift/single_bad_parameter/xorshift_single_bad_parameter_bit_ratio.pdf  used on input line 140.
(pdftex.def)             Requested size: 218.51521pt x 178.7894pt.
 [44] [45 <./figures/xorshift/good/xorshift_good_histogram.pdf> <./figures/xorshift/good/xorshift_good_bit_ratio.pdf> <./figures/xorshift/good/xorshift_good_sequence.pdf> <./figures/xorshift/good/xorshift_good_successive_values.pdf> <./figures/xorshift/bad_large_range/xorshift_bad_large_range_histogram.pdf> <./figures/xorshift/bad_large_range/xorshift_bad_large_range_bit_ratio.pdf>] [46 <./figures/xorshift/single_bad_parameter/xorshift_single_bad_parameter_histogram.pdf> <./figures/xorshift/single_bad_parameter/xorshift_single_bad_parameter_bit_ratio.pdf>] (codes/pcg/pcg32_next.cpp) [47]
<figures/pcg/good/pcg_good_histogram.pdf, id=2597, 505.89pt x 325.215pt>
File: figures/pcg/good/pcg_good_histogram.pdf Graphic file (type pdf)
<use figures/pcg/good/pcg_good_histogram.pdf>
Package pdftex.def Info: figures/pcg/good/pcg_good_histogram.pdf  used on input line 235.
(pdftex.def)             Requested size: 218.51521pt x 140.4749pt.
<figures/pcg/good/pcg_good_bit_ratio.pdf, id=2598, 361.35pt x 289.08pt>
File: figures/pcg/good/pcg_good_bit_ratio.pdf Graphic file (type pdf)
<use figures/pcg/good/pcg_good_bit_ratio.pdf>
Package pdftex.def Info: figures/pcg/good/pcg_good_bit_ratio.pdf  used on input line 236.
(pdftex.def)             Requested size: 218.51521pt x 174.81233pt.
<figures/pcg/good/pcg_good_sequence.pdf, id=2600, 505.89pt x 325.215pt>
File: figures/pcg/good/pcg_good_sequence.pdf Graphic file (type pdf)
<use figures/pcg/good/pcg_good_sequence.pdf>
Package pdftex.def Info: figures/pcg/good/pcg_good_sequence.pdf  used on input line 245.
(pdftex.def)             Requested size: 218.51521pt x 140.4749pt.
<figures/pcg/good/pcg_good_successive_values.pdf, id=2601, 397.485pt x 397.485pt>
File: figures/pcg/good/pcg_good_successive_values.pdf Graphic file (type pdf)
<use figures/pcg/good/pcg_good_successive_values.pdf>
Package pdftex.def Info: figures/pcg/good/pcg_good_successive_values.pdf  used on input line 246.
(pdftex.def)             Requested size: 218.51521pt x 218.52037pt.
<figures/pcg/bad_large_range/pcg_bad_large_range_histogram.pdf, id=2603, 505.89pt x 325.215pt>
File: figures/pcg/bad_large_range/pcg_bad_large_range_histogram.pdf Graphic file (type pdf)
<use figures/pcg/bad_large_range/pcg_bad_large_range_histogram.pdf>
Package pdftex.def Info: figures/pcg/bad_large_range/pcg_bad_large_range_histogram.pdf  used on input line 255.
(pdftex.def)             Requested size: 218.51521pt x 140.4749pt.
<figures/pcg/bad_large_range/pcg_bad_large_range_bit_ratio.pdf, id=2604, 361.35pt x 289.08pt>
File: figures/pcg/bad_large_range/pcg_bad_large_range_bit_ratio.pdf Graphic file (type pdf)
<use figures/pcg/bad_large_range/pcg_bad_large_range_bit_ratio.pdf>
Package pdftex.def Info: figures/pcg/bad_large_range/pcg_bad_large_range_bit_ratio.pdf  used on input line 256.
(pdftex.def)             Requested size: 218.51521pt x 174.81233pt.
 [48 <./figures/pcg/good/pcg_good_histogram.pdf> <./figures/pcg/good/pcg_good_bit_ratio.pdf>] [49 <./figures/pcg/good/pcg_good_sequence.pdf> <./figures/pcg/good/pcg_good_successive_values.pdf> <./figures/pcg/bad_large_range/pcg_bad_large_range_histogram.pdf> <./figures/pcg/bad_large_range/pcg_bad_large_range_bit_ratio.pdf>]
<figures/pcg/single_bad_parameter/pcg_single_bad_parameter_histogram.pdf, id=2812, 505.89pt x 325.215pt>
File: figures/pcg/single_bad_parameter/pcg_single_bad_parameter_histogram.pdf Graphic file (type pdf)
<use figures/pcg/single_bad_parameter/pcg_single_bad_parameter_histogram.pdf>
Package pdftex.def Info: figures/pcg/single_bad_parameter/pcg_single_bad_parameter_histogram.pdf  used on input line 265.
(pdftex.def)             Requested size: 218.51521pt x 140.4749pt.
<figures/pcg/single_bad_parameter/pcg_single_bad_parameter_bit_ratio.pdf, id=2813, 361.35pt x 289.08pt>
File: figures/pcg/single_bad_parameter/pcg_single_bad_parameter_bit_ratio.pdf Graphic file (type pdf)
<use figures/pcg/single_bad_parameter/pcg_single_bad_parameter_bit_ratio.pdf>
Package pdftex.def Info: figures/pcg/single_bad_parameter/pcg_single_bad_parameter_bit_ratio.pdf  used on input line 266.
(pdftex.def)             Requested size: 218.51521pt x 174.81233pt.
) [50 <./figures/pcg/single_bad_parameter/pcg_single_bad_parameter_histogram.pdf> <./figures/pcg/single_bad_parameter/pcg_single_bad_parameter_bit_ratio.pdf>] (chapters/chapter6.tex [51] [52]) [53] [54] (main.aux)
 ***********
LaTeX2e <2025-11-01>
L3 programming layer <2026-04-28>
 ***********
Package rerunfilecheck Info: File `main.out' has not changed.
(rerunfilecheck)             Checksum: 9DB97BE1C429D0004B73017A653456C8;13562.
Package logreq Info: Writing requests to 'main.run.xml'.
\openout1 = `main.run.xml'.

 ) 
Here is how much of TeX's memory you used:
 27625 strings out of 467683
 523169 string characters out of 5414237
 1391349 words of memory out of 5000000
 55960 multiletter control sequences out of 15000+600000
 708106 words of font info for 94 fonts, out of 8000000 for 9000
 1141 hyphenation exceptions out of 8191
 80i,11n,82p,1274b,2431s stack positions out of 10000i,1000n,20000p,200000b,200000s
<C:/Users/Azatal/AppData/Local/Programs/MiKTeX/fonts/type1/public/lm/lmbx10.pfb><C:/Users/Azatal/AppData/Local/Programs/MiKTeX/fonts/type1/public/lm/lmbx12.pfb><C:/Users/Azatal/AppData/Local/Programs/MiKTeX/fonts/type1/public/lm/lmbxi10.pfb><C:/Users/Azatal/AppData/Local/Programs/MiKTeX/fonts/type1/public/lm/lmcsc10.pfb><C:/Users/Azatal/AppData/Local/Programs/MiKTeX/fonts/type1/public/lm/lmex10.pfb><C:/Users/Azatal/AppData/Local/Programs/MiKTeX/fonts/type1/public/lm/lmmi10.pfb><C:/Users/Azatal/AppData/Local/Programs/MiKTeX/fonts/type1/public/lm/lmmi12.pfb><C:/Users/Azatal/AppData/Local/Programs/MiKTeX/fonts/type1/public/lm/lmmi6.pfb><C:/Users/Azatal/AppData/Local/Programs/MiKTeX/fonts/type1/public/lm/lmmi8.pfb><C:/Users/Azatal/AppData/Local/Programs/MiKTeX/fonts/type1/public/lm/lmr10.pfb><C:/Users/Azatal/AppData/Local/Programs/MiKTeX/fonts/type1/public/lm/lmr12.pfb><C:/Users/Azatal/AppData/Local/Programs/MiKTeX/fonts/type1/public/lm/lmr17.pfb><C:/Users/Azatal/AppData/Local/Programs/MiKTeX/fonts/type1/public/lm/lmr6.pfb><C:/Users/Azatal/AppData/Local/Programs/MiKTeX/fonts/type1/public/lm/lmr8.pfb><C:/Users/Azatal/AppData/Local/Programs/MiKTeX/fonts/type1/public/lm/lmri12.pfb><C:/Users/Azatal/AppData/Local/Programs/MiKTeX/fonts/type1/public/lm/lmsy10.pfb><C:/Users/Azatal/AppData/Local/Programs/MiKTeX/fonts/type1/public/lm/lmsy8.pfb><C:/Users/Azatal/AppData/Local/Programs/MiKTeX/fonts/type1/public/lm/lmtk10.pfb><C:/Users/Azatal/AppData/Local/Programs/MiKTeX/fonts/type1/public/lm/lmtt10.pfb><C:/Users/Azatal/AppData/Local/Programs/MiKTeX/fonts/type1/public/lm/lmtt12.pfb><C:/Users/Azatal/AppData/Local/Programs/MiKTeX/fonts/type1/public/amsfonts/symbols/msbm10.pfb>
Output written on main.pdf (55 pages, 4167999 bytes).
PDF statistics:
 3085 PDF objects out of 3580 (max. 8388607)
 311 named destinations out of 1000 (max. 500000)
 925 words of extra memory for PDF output out of 10000 (max. 10000000)

